The system is: Linux - 3.13.0-24-generic - x86_64
Compiling the C compiler identification source file "CMakeCCompilerId.c" succeeded.
Compiler: /usr/bin/cc 
Build flags: 
Id flags: 

The output was:
0


Compilation of the C compiler identification source "CMakeCCompilerId.c" produced "a.out"

The C compiler identification is GNU, found in "/home/benjamin/my_libs/EIGEN/builddir/CMakeFiles/2.8.12.2/CompilerIdC/a.out"

Compiling the CXX compiler identification source file "CMakeCXXCompilerId.cpp" succeeded.
Compiler: /usr/bin/c++ 
Build flags: 
Id flags: 

The output was:
0


Compilation of the CXX compiler identification source "CMakeCXXCompilerId.cpp" produced "a.out"

The CXX compiler identification is GNU, found in "/home/benjamin/my_libs/EIGEN/builddir/CMakeFiles/2.8.12.2/CompilerIdCXX/a.out"

Determining if the C compiler works passed with the following output:
Change Dir: /home/benjamin/my_libs/EIGEN/builddir/CMakeFiles/CMakeTmp

Run Build Command:/usr/bin/make "cmTryCompileExec830625561/fast"
/usr/bin/make -f CMakeFiles/cmTryCompileExec830625561.dir/build.make CMakeFiles/cmTryCompileExec830625561.dir/build
make[1]: Entering directory `/home/benjamin/my_libs/EIGEN/builddir/CMakeFiles/CMakeTmp'
/usr/bin/cmake -E cmake_progress_report /home/benjamin/my_libs/EIGEN/builddir/CMakeFiles/CMakeTmp/CMakeFiles 1
Building C object CMakeFiles/cmTryCompileExec830625561.dir/testCCompiler.c.o
/usr/bin/cc    -o CMakeFiles/cmTryCompileExec830625561.dir/testCCompiler.c.o   -c /home/benjamin/my_libs/EIGEN/builddir/CMakeFiles/CMakeTmp/testCCompiler.c
Linking C executable cmTryCompileExec830625561
/usr/bin/cmake -E cmake_link_script CMakeFiles/cmTryCompileExec830625561.dir/link.txt --verbose=1
/usr/bin/cc       CMakeFiles/cmTryCompileExec830625561.dir/testCCompiler.c.o  -o cmTryCompileExec830625561 -rdynamic 
make[1]: Leaving directory `/home/benjamin/my_libs/EIGEN/builddir/CMakeFiles/CMakeTmp'


Detecting C compiler ABI info compiled with the following output:
Change Dir: /home/benjamin/my_libs/EIGEN/builddir/CMakeFiles/CMakeTmp

Run Build Command:/usr/bin/make "cmTryCompileExec3188378875/fast"
/usr/bin/make -f CMakeFiles/cmTryCompileExec3188378875.dir/build.make CMakeFiles/cmTryCompileExec3188378875.dir/build
make[1]: Entering directory `/home/benjamin/my_libs/EIGEN/builddir/CMakeFiles/CMakeTmp'
/usr/bin/cmake -E cmake_progress_report /home/benjamin/my_libs/EIGEN/builddir/CMakeFiles/CMakeTmp/CMakeFiles 1
Building C object CMakeFiles/cmTryCompileExec3188378875.dir/CMakeCCompilerABI.c.o
/usr/bin/cc    -o CMakeFiles/cmTryCompileExec3188378875.dir/CMakeCCompilerABI.c.o   -c /usr/share/cmake-2.8/Modules/CMakeCCompilerABI.c
Linking C executable cmTryCompileExec3188378875
/usr/bin/cmake -E cmake_link_script CMakeFiles/cmTryCompileExec3188378875.dir/link.txt --verbose=1
/usr/bin/cc     -v CMakeFiles/cmTryCompileExec3188378875.dir/CMakeCCompilerABI.c.o  -o cmTryCompileExec3188378875 -rdynamic  
Using built-in specs.
COLLECT_GCC=/usr/bin/cc
COLLECT_LTO_WRAPPER=/usr/lib/gcc/x86_64-linux-gnu/4.8/lto-wrapper
Target: x86_64-linux-gnu
Configured with: ../src/configure -v --with-pkgversion='Ubuntu 4.8.2-19ubuntu1' --with-bugurl=file:///usr/share/doc/gcc-4.8/README.Bugs --enable-languages=c,c++,java,go,d,fortran,objc,obj-c++ --prefix=/usr --program-suffix=-4.8 --enable-shared --enable-linker-build-id --libexecdir=/usr/lib --without-included-gettext --enable-threads=posix --with-gxx-include-dir=/usr/include/c++/4.8 --libdir=/usr/lib --enable-nls --with-sysroot=/ --enable-clocale=gnu --enable-libstdcxx-debug --enable-libstdcxx-time=yes --enable-gnu-unique-object --disable-libmudflap --enable-plugin --with-system-zlib --disable-browser-plugin --enable-java-awt=gtk --enable-gtk-cairo --with-java-home=/usr/lib/jvm/java-1.5.0-gcj-4.8-amd64/jre --enable-java-home --with-jvm-root-dir=/usr/lib/jvm/java-1.5.0-gcj-4.8-amd64 --with-jvm-jar-dir=/usr/lib/jvm-exports/java-1.5.0-gcj-4.8-amd64 --with-arch-directory=amd64 --with-ecj-jar=/usr/share/java/eclipse-ecj.jar --enable-objc-gc --enable-multiarch --disable-werror --with-arch-32=i686 --with-abi=m64 --with-multilib-list=m32,m64,mx32 --with-tune=generic --enable-checking=release --build=x86_64-linux-gnu --host=x86_64-linux-gnu --target=x86_64-linux-gnu
Thread model: posix
gcc version 4.8.2 (Ubuntu 4.8.2-19ubuntu1) 
COMPILER_PATH=/usr/lib/gcc/x86_64-linux-gnu/4.8/:/usr/lib/gcc/x86_64-linux-gnu/4.8/:/usr/lib/gcc/x86_64-linux-gnu/:/usr/lib/gcc/x86_64-linux-gnu/4.8/:/usr/lib/gcc/x86_64-linux-gnu/
LIBRARY_PATH=/usr/lib/gcc/x86_64-linux-gnu/4.8/:/usr/lib/gcc/x86_64-linux-gnu/4.8/../../../x86_64-linux-gnu/:/usr/lib/gcc/x86_64-linux-gnu/4.8/../../../../lib/:/lib/x86_64-linux-gnu/:/lib/../lib/:/usr/lib/x86_64-linux-gnu/:/usr/lib/../lib/:/usr/lib/gcc/x86_64-linux-gnu/4.8/../../../:/lib/:/usr/lib/
COLLECT_GCC_OPTIONS='-v' '-o' 'cmTryCompileExec3188378875' '-rdynamic' '-mtune=generic' '-march=x86-64'
 /usr/lib/gcc/x86_64-linux-gnu/4.8/collect2 --sysroot=/ --build-id --eh-frame-hdr -m elf_x86_64 --hash-style=gnu --as-needed -export-dynamic -dynamic-linker /lib64/ld-linux-x86-64.so.2 -z relro -o cmTryCompileExec3188378875 /usr/lib/gcc/x86_64-linux-gnu/4.8/../../../x86_64-linux-gnu/crt1.o /usr/lib/gcc/x86_64-linux-gnu/4.8/../../../x86_64-linux-gnu/crti.o /usr/lib/gcc/x86_64-linux-gnu/4.8/crtbegin.o -L/usr/lib/gcc/x86_64-linux-gnu/4.8 -L/usr/lib/gcc/x86_64-linux-gnu/4.8/../../../x86_64-linux-gnu -L/usr/lib/gcc/x86_64-linux-gnu/4.8/../../../../lib -L/lib/x86_64-linux-gnu -L/lib/../lib -L/usr/lib/x86_64-linux-gnu -L/usr/lib/../lib -L/usr/lib/gcc/x86_64-linux-gnu/4.8/../../.. CMakeFiles/cmTryCompileExec3188378875.dir/CMakeCCompilerABI.c.o -lgcc --as-needed -lgcc_s --no-as-needed -lc -lgcc --as-needed -lgcc_s --no-as-needed /usr/lib/gcc/x86_64-linux-gnu/4.8/crtend.o /usr/lib/gcc/x86_64-linux-gnu/4.8/../../../x86_64-linux-gnu/crtn.o
make[1]: Leaving directory `/home/benjamin/my_libs/EIGEN/builddir/CMakeFiles/CMakeTmp'


Parsed C implicit link information from above output:
  link line regex: [^( *|.*[/\])(ld|([^/\]+-)?ld|collect2)[^/\]*( |$)]
  ignore line: [Change Dir: /home/benjamin/my_libs/EIGEN/builddir/CMakeFiles/CMakeTmp]
  ignore line: []
  ignore line: [Run Build Command:/usr/bin/make "cmTryCompileExec3188378875/fast"]
  ignore line: [/usr/bin/make -f CMakeFiles/cmTryCompileExec3188378875.dir/build.make CMakeFiles/cmTryCompileExec3188378875.dir/build]
  ignore line: [make[1]: Entering directory `/home/benjamin/my_libs/EIGEN/builddir/CMakeFiles/CMakeTmp']
  ignore line: [/usr/bin/cmake -E cmake_progress_report /home/benjamin/my_libs/EIGEN/builddir/CMakeFiles/CMakeTmp/CMakeFiles 1]
  ignore line: [Building C object CMakeFiles/cmTryCompileExec3188378875.dir/CMakeCCompilerABI.c.o]
  ignore line: [/usr/bin/cc    -o CMakeFiles/cmTryCompileExec3188378875.dir/CMakeCCompilerABI.c.o   -c /usr/share/cmake-2.8/Modules/CMakeCCompilerABI.c]
  ignore line: [Linking C executable cmTryCompileExec3188378875]
  ignore line: [/usr/bin/cmake -E cmake_link_script CMakeFiles/cmTryCompileExec3188378875.dir/link.txt --verbose=1]
  ignore line: [/usr/bin/cc     -v CMakeFiles/cmTryCompileExec3188378875.dir/CMakeCCompilerABI.c.o  -o cmTryCompileExec3188378875 -rdynamic  ]
  ignore line: [Using built-in specs.]
  ignore line: [COLLECT_GCC=/usr/bin/cc]
  ignore line: [COLLECT_LTO_WRAPPER=/usr/lib/gcc/x86_64-linux-gnu/4.8/lto-wrapper]
  ignore line: [Target: x86_64-linux-gnu]
  ignore line: [Configured with: ../src/configure -v --with-pkgversion='Ubuntu 4.8.2-19ubuntu1' --with-bugurl=file:///usr/share/doc/gcc-4.8/README.Bugs --enable-languages=c,c++,java,go,d,fortran,objc,obj-c++ --prefix=/usr --program-suffix=-4.8 --enable-shared --enable-linker-build-id --libexecdir=/usr/lib --without-included-gettext --enable-threads=posix --with-gxx-include-dir=/usr/include/c++/4.8 --libdir=/usr/lib --enable-nls --with-sysroot=/ --enable-clocale=gnu --enable-libstdcxx-debug --enable-libstdcxx-time=yes --enable-gnu-unique-object --disable-libmudflap --enable-plugin --with-system-zlib --disable-browser-plugin --enable-java-awt=gtk --enable-gtk-cairo --with-java-home=/usr/lib/jvm/java-1.5.0-gcj-4.8-amd64/jre --enable-java-home --with-jvm-root-dir=/usr/lib/jvm/java-1.5.0-gcj-4.8-amd64 --with-jvm-jar-dir=/usr/lib/jvm-exports/java-1.5.0-gcj-4.8-amd64 --with-arch-directory=amd64 --with-ecj-jar=/usr/share/java/eclipse-ecj.jar --enable-objc-gc --enable-multiarch --disable-werror --with-arch-32=i686 --with-abi=m64 --with-multilib-list=m32,m64,mx32 --with-tune=generic --enable-checking=release --build=x86_64-linux-gnu --host=x86_64-linux-gnu --target=x86_64-linux-gnu]
  ignore line: [Thread model: posix]
  ignore line: [gcc version 4.8.2 (Ubuntu 4.8.2-19ubuntu1) ]
  ignore line: [COMPILER_PATH=/usr/lib/gcc/x86_64-linux-gnu/4.8/:/usr/lib/gcc/x86_64-linux-gnu/4.8/:/usr/lib/gcc/x86_64-linux-gnu/:/usr/lib/gcc/x86_64-linux-gnu/4.8/:/usr/lib/gcc/x86_64-linux-gnu/]
  ignore line: [LIBRARY_PATH=/usr/lib/gcc/x86_64-linux-gnu/4.8/:/usr/lib/gcc/x86_64-linux-gnu/4.8/../../../x86_64-linux-gnu/:/usr/lib/gcc/x86_64-linux-gnu/4.8/../../../../lib/:/lib/x86_64-linux-gnu/:/lib/../lib/:/usr/lib/x86_64-linux-gnu/:/usr/lib/../lib/:/usr/lib/gcc/x86_64-linux-gnu/4.8/../../../:/lib/:/usr/lib/]
  ignore line: [COLLECT_GCC_OPTIONS='-v' '-o' 'cmTryCompileExec3188378875' '-rdynamic' '-mtune=generic' '-march=x86-64']
  link line: [ /usr/lib/gcc/x86_64-linux-gnu/4.8/collect2 --sysroot=/ --build-id --eh-frame-hdr -m elf_x86_64 --hash-style=gnu --as-needed -export-dynamic -dynamic-linker /lib64/ld-linux-x86-64.so.2 -z relro -o cmTryCompileExec3188378875 /usr/lib/gcc/x86_64-linux-gnu/4.8/../../../x86_64-linux-gnu/crt1.o /usr/lib/gcc/x86_64-linux-gnu/4.8/../../../x86_64-linux-gnu/crti.o /usr/lib/gcc/x86_64-linux-gnu/4.8/crtbegin.o -L/usr/lib/gcc/x86_64-linux-gnu/4.8 -L/usr/lib/gcc/x86_64-linux-gnu/4.8/../../../x86_64-linux-gnu -L/usr/lib/gcc/x86_64-linux-gnu/4.8/../../../../lib -L/lib/x86_64-linux-gnu -L/lib/../lib -L/usr/lib/x86_64-linux-gnu -L/usr/lib/../lib -L/usr/lib/gcc/x86_64-linux-gnu/4.8/../../.. CMakeFiles/cmTryCompileExec3188378875.dir/CMakeCCompilerABI.c.o -lgcc --as-needed -lgcc_s --no-as-needed -lc -lgcc --as-needed -lgcc_s --no-as-needed /usr/lib/gcc/x86_64-linux-gnu/4.8/crtend.o /usr/lib/gcc/x86_64-linux-gnu/4.8/../../../x86_64-linux-gnu/crtn.o]
    arg [/usr/lib/gcc/x86_64-linux-gnu/4.8/collect2] ==> ignore
    arg [--sysroot=/] ==> ignore
    arg [--build-id] ==> ignore
    arg [--eh-frame-hdr] ==> ignore
    arg [-m] ==> ignore
    arg [elf_x86_64] ==> ignore
    arg [--hash-style=gnu] ==> ignore
    arg [--as-needed] ==> ignore
    arg [-export-dynamic] ==> ignore
    arg [-dynamic-linker] ==> ignore
    arg [/lib64/ld-linux-x86-64.so.2] ==> ignore
    arg [-zrelro] ==> ignore
    arg [-o] ==> ignore
    arg [cmTryCompileExec3188378875] ==> ignore
    arg [/usr/lib/gcc/x86_64-linux-gnu/4.8/../../../x86_64-linux-gnu/crt1.o] ==> ignore
    arg [/usr/lib/gcc/x86_64-linux-gnu/4.8/../../../x86_64-linux-gnu/crti.o] ==> ignore
    arg [/usr/lib/gcc/x86_64-linux-gnu/4.8/crtbegin.o] ==> ignore
    arg [-L/usr/lib/gcc/x86_64-linux-gnu/4.8] ==> dir [/usr/lib/gcc/x86_64-linux-gnu/4.8]
    arg [-L/usr/lib/gcc/x86_64-linux-gnu/4.8/../../../x86_64-linux-gnu] ==> dir [/usr/lib/gcc/x86_64-linux-gnu/4.8/../../../x86_64-linux-gnu]
    arg [-L/usr/lib/gcc/x86_64-linux-gnu/4.8/../../../../lib] ==> dir [/usr/lib/gcc/x86_64-linux-gnu/4.8/../../../../lib]
    arg [-L/lib/x86_64-linux-gnu] ==> dir [/lib/x86_64-linux-gnu]
    arg [-L/lib/../lib] ==> dir [/lib/../lib]
    arg [-L/usr/lib/x86_64-linux-gnu] ==> dir [/usr/lib/x86_64-linux-gnu]
    arg [-L/usr/lib/../lib] ==> dir [/usr/lib/../lib]
    arg [-L/usr/lib/gcc/x86_64-linux-gnu/4.8/../../..] ==> dir [/usr/lib/gcc/x86_64-linux-gnu/4.8/../../..]
    arg [CMakeFiles/cmTryCompileExec3188378875.dir/CMakeCCompilerABI.c.o] ==> ignore
    arg [-lgcc] ==> lib [gcc]
    arg [--as-needed] ==> ignore
    arg [-lgcc_s] ==> lib [gcc_s]
    arg [--no-as-needed] ==> ignore
    arg [-lc] ==> lib [c]
    arg [-lgcc] ==> lib [gcc]
    arg [--as-needed] ==> ignore
    arg [-lgcc_s] ==> lib [gcc_s]
    arg [--no-as-needed] ==> ignore
    arg [/usr/lib/gcc/x86_64-linux-gnu/4.8/crtend.o] ==> ignore
    arg [/usr/lib/gcc/x86_64-linux-gnu/4.8/../../../x86_64-linux-gnu/crtn.o] ==> ignore
  remove lib [gcc]
  remove lib [gcc_s]
  remove lib [gcc]
  remove lib [gcc_s]
  collapse library dir [/usr/lib/gcc/x86_64-linux-gnu/4.8] ==> [/usr/lib/gcc/x86_64-linux-gnu/4.8]
  collapse library dir [/usr/lib/gcc/x86_64-linux-gnu/4.8/../../../x86_64-linux-gnu] ==> [/usr/lib/x86_64-linux-gnu]
  collapse library dir [/usr/lib/gcc/x86_64-linux-gnu/4.8/../../../../lib] ==> [/usr/lib]
  collapse library dir [/lib/x86_64-linux-gnu] ==> [/lib/x86_64-linux-gnu]
  collapse library dir [/lib/../lib] ==> [/lib]
  collapse library dir [/usr/lib/x86_64-linux-gnu] ==> [/usr/lib/x86_64-linux-gnu]
  collapse library dir [/usr/lib/../lib] ==> [/usr/lib]
  collapse library dir [/usr/lib/gcc/x86_64-linux-gnu/4.8/../../..] ==> [/usr/lib]
  implicit libs: [c]
  implicit dirs: [/usr/lib/gcc/x86_64-linux-gnu/4.8;/usr/lib/x86_64-linux-gnu;/usr/lib;/lib/x86_64-linux-gnu;/lib]
  implicit fwks: []


Determining if the CXX compiler works passed with the following output:
Change Dir: /home/benjamin/my_libs/EIGEN/builddir/CMakeFiles/CMakeTmp

Run Build Command:/usr/bin/make "cmTryCompileExec1761055311/fast"
/usr/bin/make -f CMakeFiles/cmTryCompileExec1761055311.dir/build.make CMakeFiles/cmTryCompileExec1761055311.dir/build
make[1]: Entering directory `/home/benjamin/my_libs/EIGEN/builddir/CMakeFiles/CMakeTmp'
/usr/bin/cmake -E cmake_progress_report /home/benjamin/my_libs/EIGEN/builddir/CMakeFiles/CMakeTmp/CMakeFiles 1
Building CXX object CMakeFiles/cmTryCompileExec1761055311.dir/testCXXCompiler.cxx.o
/usr/bin/c++     -o CMakeFiles/cmTryCompileExec1761055311.dir/testCXXCompiler.cxx.o -c /home/benjamin/my_libs/EIGEN/builddir/CMakeFiles/CMakeTmp/testCXXCompiler.cxx
Linking CXX executable cmTryCompileExec1761055311
/usr/bin/cmake -E cmake_link_script CMakeFiles/cmTryCompileExec1761055311.dir/link.txt --verbose=1
/usr/bin/c++        CMakeFiles/cmTryCompileExec1761055311.dir/testCXXCompiler.cxx.o  -o cmTryCompileExec1761055311 -rdynamic 
make[1]: Leaving directory `/home/benjamin/my_libs/EIGEN/builddir/CMakeFiles/CMakeTmp'


Detecting CXX compiler ABI info compiled with the following output:
Change Dir: /home/benjamin/my_libs/EIGEN/builddir/CMakeFiles/CMakeTmp

Run Build Command:/usr/bin/make "cmTryCompileExec3816160830/fast"
/usr/bin/make -f CMakeFiles/cmTryCompileExec3816160830.dir/build.make CMakeFiles/cmTryCompileExec3816160830.dir/build
make[1]: Entering directory `/home/benjamin/my_libs/EIGEN/builddir/CMakeFiles/CMakeTmp'
/usr/bin/cmake -E cmake_progress_report /home/benjamin/my_libs/EIGEN/builddir/CMakeFiles/CMakeTmp/CMakeFiles 1
Building CXX object CMakeFiles/cmTryCompileExec3816160830.dir/CMakeCXXCompilerABI.cpp.o
/usr/bin/c++     -o CMakeFiles/cmTryCompileExec3816160830.dir/CMakeCXXCompilerABI.cpp.o -c /usr/share/cmake-2.8/Modules/CMakeCXXCompilerABI.cpp
Linking CXX executable cmTryCompileExec3816160830
/usr/bin/cmake -E cmake_link_script CMakeFiles/cmTryCompileExec3816160830.dir/link.txt --verbose=1
/usr/bin/c++      -v CMakeFiles/cmTryCompileExec3816160830.dir/CMakeCXXCompilerABI.cpp.o  -o cmTryCompileExec3816160830 -rdynamic  
Using built-in specs.
COLLECT_GCC=/usr/bin/c++
COLLECT_LTO_WRAPPER=/usr/lib/gcc/x86_64-linux-gnu/4.8/lto-wrapper
Target: x86_64-linux-gnu
Configured with: ../src/configure -v --with-pkgversion='Ubuntu 4.8.2-19ubuntu1' --with-bugurl=file:///usr/share/doc/gcc-4.8/README.Bugs --enable-languages=c,c++,java,go,d,fortran,objc,obj-c++ --prefix=/usr --program-suffix=-4.8 --enable-shared --enable-linker-build-id --libexecdir=/usr/lib --without-included-gettext --enable-threads=posix --with-gxx-include-dir=/usr/include/c++/4.8 --libdir=/usr/lib --enable-nls --with-sysroot=/ --enable-clocale=gnu --enable-libstdcxx-debug --enable-libstdcxx-time=yes --enable-gnu-unique-object --disable-libmudflap --enable-plugin --with-system-zlib --disable-browser-plugin --enable-java-awt=gtk --enable-gtk-cairo --with-java-home=/usr/lib/jvm/java-1.5.0-gcj-4.8-amd64/jre --enable-java-home --with-jvm-root-dir=/usr/lib/jvm/java-1.5.0-gcj-4.8-amd64 --with-jvm-jar-dir=/usr/lib/jvm-exports/java-1.5.0-gcj-4.8-amd64 --with-arch-directory=amd64 --with-ecj-jar=/usr/share/java/eclipse-ecj.jar --enable-objc-gc --enable-multiarch --disable-werror --with-arch-32=i686 --with-abi=m64 --with-multilib-list=m32,m64,mx32 --with-tune=generic --enable-checking=release --build=x86_64-linux-gnu --host=x86_64-linux-gnu --target=x86_64-linux-gnu
Thread model: posix
gcc version 4.8.2 (Ubuntu 4.8.2-19ubuntu1) 
COMPILER_PATH=/usr/lib/gcc/x86_64-linux-gnu/4.8/:/usr/lib/gcc/x86_64-linux-gnu/4.8/:/usr/lib/gcc/x86_64-linux-gnu/:/usr/lib/gcc/x86_64-linux-gnu/4.8/:/usr/lib/gcc/x86_64-linux-gnu/
LIBRARY_PATH=/usr/lib/gcc/x86_64-linux-gnu/4.8/:/usr/lib/gcc/x86_64-linux-gnu/4.8/../../../x86_64-linux-gnu/:/usr/lib/gcc/x86_64-linux-gnu/4.8/../../../../lib/:/lib/x86_64-linux-gnu/:/lib/../lib/:/usr/lib/x86_64-linux-gnu/:/usr/lib/../lib/:/usr/lib/gcc/x86_64-linux-gnu/4.8/../../../:/lib/:/usr/lib/
COLLECT_GCC_OPTIONS='-v' '-o' 'cmTryCompileExec3816160830' '-rdynamic' '-shared-libgcc' '-mtune=generic' '-march=x86-64'
 /usr/lib/gcc/x86_64-linux-gnu/4.8/collect2 --sysroot=/ --build-id --eh-frame-hdr -m elf_x86_64 --hash-style=gnu --as-needed -export-dynamic -dynamic-linker /lib64/ld-linux-x86-64.so.2 -z relro -o cmTryCompileExec3816160830 /usr/lib/gcc/x86_64-linux-gnu/4.8/../../../x86_64-linux-gnu/crt1.o /usr/lib/gcc/x86_64-linux-gnu/4.8/../../../x86_64-linux-gnu/crti.o /usr/lib/gcc/x86_64-linux-gnu/4.8/crtbegin.o -L/usr/lib/gcc/x86_64-linux-gnu/4.8 -L/usr/lib/gcc/x86_64-linux-gnu/4.8/../../../x86_64-linux-gnu -L/usr/lib/gcc/x86_64-linux-gnu/4.8/../../../../lib -L/lib/x86_64-linux-gnu -L/lib/../lib -L/usr/lib/x86_64-linux-gnu -L/usr/lib/../lib -L/usr/lib/gcc/x86_64-linux-gnu/4.8/../../.. CMakeFiles/cmTryCompileExec3816160830.dir/CMakeCXXCompilerABI.cpp.o -lstdc++ -lm -lgcc_s -lgcc -lc -lgcc_s -lgcc /usr/lib/gcc/x86_64-linux-gnu/4.8/crtend.o /usr/lib/gcc/x86_64-linux-gnu/4.8/../../../x86_64-linux-gnu/crtn.o
make[1]: Leaving directory `/home/benjamin/my_libs/EIGEN/builddir/CMakeFiles/CMakeTmp'


Parsed CXX implicit link information from above output:
  link line regex: [^( *|.*[/\])(ld|([^/\]+-)?ld|collect2)[^/\]*( |$)]
  ignore line: [Change Dir: /home/benjamin/my_libs/EIGEN/builddir/CMakeFiles/CMakeTmp]
  ignore line: []
  ignore line: [Run Build Command:/usr/bin/make "cmTryCompileExec3816160830/fast"]
  ignore line: [/usr/bin/make -f CMakeFiles/cmTryCompileExec3816160830.dir/build.make CMakeFiles/cmTryCompileExec3816160830.dir/build]
  ignore line: [make[1]: Entering directory `/home/benjamin/my_libs/EIGEN/builddir/CMakeFiles/CMakeTmp']
  ignore line: [/usr/bin/cmake -E cmake_progress_report /home/benjamin/my_libs/EIGEN/builddir/CMakeFiles/CMakeTmp/CMakeFiles 1]
  ignore line: [Building CXX object CMakeFiles/cmTryCompileExec3816160830.dir/CMakeCXXCompilerABI.cpp.o]
  ignore line: [/usr/bin/c++     -o CMakeFiles/cmTryCompileExec3816160830.dir/CMakeCXXCompilerABI.cpp.o -c /usr/share/cmake-2.8/Modules/CMakeCXXCompilerABI.cpp]
  ignore line: [Linking CXX executable cmTryCompileExec3816160830]
  ignore line: [/usr/bin/cmake -E cmake_link_script CMakeFiles/cmTryCompileExec3816160830.dir/link.txt --verbose=1]
  ignore line: [/usr/bin/c++      -v CMakeFiles/cmTryCompileExec3816160830.dir/CMakeCXXCompilerABI.cpp.o  -o cmTryCompileExec3816160830 -rdynamic  ]
  ignore line: [Using built-in specs.]
  ignore line: [COLLECT_GCC=/usr/bin/c++]
  ignore line: [COLLECT_LTO_WRAPPER=/usr/lib/gcc/x86_64-linux-gnu/4.8/lto-wrapper]
  ignore line: [Target: x86_64-linux-gnu]
  ignore line: [Configured with: ../src/configure -v --with-pkgversion='Ubuntu 4.8.2-19ubuntu1' --with-bugurl=file:///usr/share/doc/gcc-4.8/README.Bugs --enable-languages=c,c++,java,go,d,fortran,objc,obj-c++ --prefix=/usr --program-suffix=-4.8 --enable-shared --enable-linker-build-id --libexecdir=/usr/lib --without-included-gettext --enable-threads=posix --with-gxx-include-dir=/usr/include/c++/4.8 --libdir=/usr/lib --enable-nls --with-sysroot=/ --enable-clocale=gnu --enable-libstdcxx-debug --enable-libstdcxx-time=yes --enable-gnu-unique-object --disable-libmudflap --enable-plugin --with-system-zlib --disable-browser-plugin --enable-java-awt=gtk --enable-gtk-cairo --with-java-home=/usr/lib/jvm/java-1.5.0-gcj-4.8-amd64/jre --enable-java-home --with-jvm-root-dir=/usr/lib/jvm/java-1.5.0-gcj-4.8-amd64 --with-jvm-jar-dir=/usr/lib/jvm-exports/java-1.5.0-gcj-4.8-amd64 --with-arch-directory=amd64 --with-ecj-jar=/usr/share/java/eclipse-ecj.jar --enable-objc-gc --enable-multiarch --disable-werror --with-arch-32=i686 --with-abi=m64 --with-multilib-list=m32,m64,mx32 --with-tune=generic --enable-checking=release --build=x86_64-linux-gnu --host=x86_64-linux-gnu --target=x86_64-linux-gnu]
  ignore line: [Thread model: posix]
  ignore line: [gcc version 4.8.2 (Ubuntu 4.8.2-19ubuntu1) ]
  ignore line: [COMPILER_PATH=/usr/lib/gcc/x86_64-linux-gnu/4.8/:/usr/lib/gcc/x86_64-linux-gnu/4.8/:/usr/lib/gcc/x86_64-linux-gnu/:/usr/lib/gcc/x86_64-linux-gnu/4.8/:/usr/lib/gcc/x86_64-linux-gnu/]
  ignore line: [LIBRARY_PATH=/usr/lib/gcc/x86_64-linux-gnu/4.8/:/usr/lib/gcc/x86_64-linux-gnu/4.8/../../../x86_64-linux-gnu/:/usr/lib/gcc/x86_64-linux-gnu/4.8/../../../../lib/:/lib/x86_64-linux-gnu/:/lib/../lib/:/usr/lib/x86_64-linux-gnu/:/usr/lib/../lib/:/usr/lib/gcc/x86_64-linux-gnu/4.8/../../../:/lib/:/usr/lib/]
  ignore line: [COLLECT_GCC_OPTIONS='-v' '-o' 'cmTryCompileExec3816160830' '-rdynamic' '-shared-libgcc' '-mtune=generic' '-march=x86-64']
  link line: [ /usr/lib/gcc/x86_64-linux-gnu/4.8/collect2 --sysroot=/ --build-id --eh-frame-hdr -m elf_x86_64 --hash-style=gnu --as-needed -export-dynamic -dynamic-linker /lib64/ld-linux-x86-64.so.2 -z relro -o cmTryCompileExec3816160830 /usr/lib/gcc/x86_64-linux-gnu/4.8/../../../x86_64-linux-gnu/crt1.o /usr/lib/gcc/x86_64-linux-gnu/4.8/../../../x86_64-linux-gnu/crti.o /usr/lib/gcc/x86_64-linux-gnu/4.8/crtbegin.o -L/usr/lib/gcc/x86_64-linux-gnu/4.8 -L/usr/lib/gcc/x86_64-linux-gnu/4.8/../../../x86_64-linux-gnu -L/usr/lib/gcc/x86_64-linux-gnu/4.8/../../../../lib -L/lib/x86_64-linux-gnu -L/lib/../lib -L/usr/lib/x86_64-linux-gnu -L/usr/lib/../lib -L/usr/lib/gcc/x86_64-linux-gnu/4.8/../../.. CMakeFiles/cmTryCompileExec3816160830.dir/CMakeCXXCompilerABI.cpp.o -lstdc++ -lm -lgcc_s -lgcc -lc -lgcc_s -lgcc /usr/lib/gcc/x86_64-linux-gnu/4.8/crtend.o /usr/lib/gcc/x86_64-linux-gnu/4.8/../../../x86_64-linux-gnu/crtn.o]
    arg [/usr/lib/gcc/x86_64-linux-gnu/4.8/collect2] ==> ignore
    arg [--sysroot=/] ==> ignore
    arg [--build-id] ==> ignore
    arg [--eh-frame-hdr] ==> ignore
    arg [-m] ==> ignore
    arg [elf_x86_64] ==> ignore
    arg [--hash-style=gnu] ==> ignore
    arg [--as-needed] ==> ignore
    arg [-export-dynamic] ==> ignore
    arg [-dynamic-linker] ==> ignore
    arg [/lib64/ld-linux-x86-64.so.2] ==> ignore
    arg [-zrelro] ==> ignore
    arg [-o] ==> ignore
    arg [cmTryCompileExec3816160830] ==> ignore
    arg [/usr/lib/gcc/x86_64-linux-gnu/4.8/../../../x86_64-linux-gnu/crt1.o] ==> ignore
    arg [/usr/lib/gcc/x86_64-linux-gnu/4.8/../../../x86_64-linux-gnu/crti.o] ==> ignore
    arg [/usr/lib/gcc/x86_64-linux-gnu/4.8/crtbegin.o] ==> ignore
    arg [-L/usr/lib/gcc/x86_64-linux-gnu/4.8] ==> dir [/usr/lib/gcc/x86_64-linux-gnu/4.8]
    arg [-L/usr/lib/gcc/x86_64-linux-gnu/4.8/../../../x86_64-linux-gnu] ==> dir [/usr/lib/gcc/x86_64-linux-gnu/4.8/../../../x86_64-linux-gnu]
    arg [-L/usr/lib/gcc/x86_64-linux-gnu/4.8/../../../../lib] ==> dir [/usr/lib/gcc/x86_64-linux-gnu/4.8/../../../../lib]
    arg [-L/lib/x86_64-linux-gnu] ==> dir [/lib/x86_64-linux-gnu]
    arg [-L/lib/../lib] ==> dir [/lib/../lib]
    arg [-L/usr/lib/x86_64-linux-gnu] ==> dir [/usr/lib/x86_64-linux-gnu]
    arg [-L/usr/lib/../lib] ==> dir [/usr/lib/../lib]
    arg [-L/usr/lib/gcc/x86_64-linux-gnu/4.8/../../..] ==> dir [/usr/lib/gcc/x86_64-linux-gnu/4.8/../../..]
    arg [CMakeFiles/cmTryCompileExec3816160830.dir/CMakeCXXCompilerABI.cpp.o] ==> ignore
    arg [-lstdc++] ==> lib [stdc++]
    arg [-lm] ==> lib [m]
    arg [-lgcc_s] ==> lib [gcc_s]
    arg [-lgcc] ==> lib [gcc]
    arg [-lc] ==> lib [c]
    arg [-lgcc_s] ==> lib [gcc_s]
    arg [-lgcc] ==> lib [gcc]
    arg [/usr/lib/gcc/x86_64-linux-gnu/4.8/crtend.o] ==> ignore
    arg [/usr/lib/gcc/x86_64-linux-gnu/4.8/../../../x86_64-linux-gnu/crtn.o] ==> ignore
  remove lib [gcc_s]
  remove lib [gcc]
  remove lib [gcc_s]
  remove lib [gcc]
  collapse library dir [/usr/lib/gcc/x86_64-linux-gnu/4.8] ==> [/usr/lib/gcc/x86_64-linux-gnu/4.8]
  collapse library dir [/usr/lib/gcc/x86_64-linux-gnu/4.8/../../../x86_64-linux-gnu] ==> [/usr/lib/x86_64-linux-gnu]
  collapse library dir [/usr/lib/gcc/x86_64-linux-gnu/4.8/../../../../lib] ==> [/usr/lib]
  collapse library dir [/lib/x86_64-linux-gnu] ==> [/lib/x86_64-linux-gnu]
  collapse library dir [/lib/../lib] ==> [/lib]
  collapse library dir [/usr/lib/x86_64-linux-gnu] ==> [/usr/lib/x86_64-linux-gnu]
  collapse library dir [/usr/lib/../lib] ==> [/usr/lib]
  collapse library dir [/usr/lib/gcc/x86_64-linux-gnu/4.8/../../..] ==> [/usr/lib]
  implicit libs: [stdc++;m;c]
  implicit dirs: [/usr/lib/gcc/x86_64-linux-gnu/4.8;/usr/lib/x86_64-linux-gnu;/usr/lib;/lib/x86_64-linux-gnu;/lib]
  implicit fwks: []


Performing C++ SOURCE FILE Test standard_math_library_linked_to_automatically succeded with the following output:
Change Dir: /home/benjamin/my_libs/EIGEN/builddir/CMakeFiles/CMakeTmp

Run Build Command:/usr/bin/make "cmTryCompileExec451465579/fast"
/usr/bin/make -f CMakeFiles/cmTryCompileExec451465579.dir/build.make CMakeFiles/cmTryCompileExec451465579.dir/build
make[1]: Entering directory `/home/benjamin/my_libs/EIGEN/builddir/CMakeFiles/CMakeTmp'
/usr/bin/cmake -E cmake_progress_report /home/benjamin/my_libs/EIGEN/builddir/CMakeFiles/CMakeTmp/CMakeFiles 1
Building CXX object CMakeFiles/cmTryCompileExec451465579.dir/src.cxx.o
/usr/bin/c++    -Dstandard_math_library_linked_to_automatically   -o CMakeFiles/cmTryCompileExec451465579.dir/src.cxx.o -c /home/benjamin/my_libs/EIGEN/builddir/CMakeFiles/CMakeTmp/src.cxx
Linking CXX executable cmTryCompileExec451465579
/usr/bin/cmake -E cmake_link_script CMakeFiles/cmTryCompileExec451465579.dir/link.txt --verbose=1
/usr/bin/c++    -Dstandard_math_library_linked_to_automatically    CMakeFiles/cmTryCompileExec451465579.dir/src.cxx.o  -o cmTryCompileExec451465579 -rdynamic 
make[1]: Leaving directory `/home/benjamin/my_libs/EIGEN/builddir/CMakeFiles/CMakeTmp'

Source file was:
#include<cmath>
int main() { std::sin(0.0); std::log(0.0f); }
Performing C++ SOURCE FILE Test COMPILER_SUPPORT_WERROR succeded with the following output:
Change Dir: /home/benjamin/my_libs/EIGEN/builddir/CMakeFiles/CMakeTmp

Run Build Command:/usr/bin/make "cmTryCompileExec2496173177/fast"
/usr/bin/make -f CMakeFiles/cmTryCompileExec2496173177.dir/build.make CMakeFiles/cmTryCompileExec2496173177.dir/build
make[1]: Entering directory `/home/benjamin/my_libs/EIGEN/builddir/CMakeFiles/CMakeTmp'
/usr/bin/cmake -E cmake_progress_report /home/benjamin/my_libs/EIGEN/builddir/CMakeFiles/CMakeTmp/CMakeFiles 1
Building CXX object CMakeFiles/cmTryCompileExec2496173177.dir/src.cxx.o
/usr/bin/c++    -fexceptions -DCOMPILER_SUPPORT_WERROR   -Werror -o CMakeFiles/cmTryCompileExec2496173177.dir/src.cxx.o -c /home/benjamin/my_libs/EIGEN/builddir/CMakeFiles/CMakeTmp/src.cxx
Linking CXX executable cmTryCompileExec2496173177
/usr/bin/cmake -E cmake_link_script CMakeFiles/cmTryCompileExec2496173177.dir/link.txt --verbose=1
/usr/bin/c++    -fexceptions -DCOMPILER_SUPPORT_WERROR    CMakeFiles/cmTryCompileExec2496173177.dir/src.cxx.o  -o cmTryCompileExec2496173177 -rdynamic 
make[1]: Leaving directory `/home/benjamin/my_libs/EIGEN/builddir/CMakeFiles/CMakeTmp'

Source file was:
int main() { return 0;}
Performing C++ SOURCE FILE Test COMPILER_SUPPORT_pedantic succeded with the following output:
Change Dir: /home/benjamin/my_libs/EIGEN/builddir/CMakeFiles/CMakeTmp

Run Build Command:/usr/bin/make "cmTryCompileExec1731053324/fast"
/usr/bin/make -f CMakeFiles/cmTryCompileExec1731053324.dir/build.make CMakeFiles/cmTryCompileExec1731053324.dir/build
make[1]: Entering directory `/home/benjamin/my_libs/EIGEN/builddir/CMakeFiles/CMakeTmp'
/usr/bin/cmake -E cmake_progress_report /home/benjamin/my_libs/EIGEN/builddir/CMakeFiles/CMakeTmp/CMakeFiles 1
Building CXX object CMakeFiles/cmTryCompileExec1731053324.dir/src.cxx.o
/usr/bin/c++    -fexceptions -DCOMPILER_SUPPORT_pedantic -Werror   -pedantic -o CMakeFiles/cmTryCompileExec1731053324.dir/src.cxx.o -c /home/benjamin/my_libs/EIGEN/builddir/CMakeFiles/CMakeTmp/src.cxx
Linking CXX executable cmTryCompileExec1731053324
/usr/bin/cmake -E cmake_link_script CMakeFiles/cmTryCompileExec1731053324.dir/link.txt --verbose=1
/usr/bin/c++    -fexceptions -DCOMPILER_SUPPORT_pedantic -Werror    CMakeFiles/cmTryCompileExec1731053324.dir/src.cxx.o  -o cmTryCompileExec1731053324 -rdynamic 
make[1]: Leaving directory `/home/benjamin/my_libs/EIGEN/builddir/CMakeFiles/CMakeTmp'

Source file was:
int main() { return 0;}
Performing C++ SOURCE FILE Test COMPILER_SUPPORT_Wall succeded with the following output:
Change Dir: /home/benjamin/my_libs/EIGEN/builddir/CMakeFiles/CMakeTmp

Run Build Command:/usr/bin/make "cmTryCompileExec2901573062/fast"
/usr/bin/make -f CMakeFiles/cmTryCompileExec2901573062.dir/build.make CMakeFiles/cmTryCompileExec2901573062.dir/build
make[1]: Entering directory `/home/benjamin/my_libs/EIGEN/builddir/CMakeFiles/CMakeTmp'
/usr/bin/cmake -E cmake_progress_report /home/benjamin/my_libs/EIGEN/builddir/CMakeFiles/CMakeTmp/CMakeFiles 1
Building CXX object CMakeFiles/cmTryCompileExec2901573062.dir/src.cxx.o
/usr/bin/c++    -fexceptions -pedantic -DCOMPILER_SUPPORT_Wall -Werror   -Wall -o CMakeFiles/cmTryCompileExec2901573062.dir/src.cxx.o -c /home/benjamin/my_libs/EIGEN/builddir/CMakeFiles/CMakeTmp/src.cxx
Linking CXX executable cmTryCompileExec2901573062
/usr/bin/cmake -E cmake_link_script CMakeFiles/cmTryCompileExec2901573062.dir/link.txt --verbose=1
/usr/bin/c++    -fexceptions -pedantic -DCOMPILER_SUPPORT_Wall -Werror    CMakeFiles/cmTryCompileExec2901573062.dir/src.cxx.o  -o cmTryCompileExec2901573062 -rdynamic 
make[1]: Leaving directory `/home/benjamin/my_libs/EIGEN/builddir/CMakeFiles/CMakeTmp'

Source file was:
int main() { return 0;}
Performing C++ SOURCE FILE Test COMPILER_SUPPORT_Wextra succeded with the following output:
Change Dir: /home/benjamin/my_libs/EIGEN/builddir/CMakeFiles/CMakeTmp

Run Build Command:/usr/bin/make "cmTryCompileExec1595263558/fast"
/usr/bin/make -f CMakeFiles/cmTryCompileExec1595263558.dir/build.make CMakeFiles/cmTryCompileExec1595263558.dir/build
make[1]: Entering directory `/home/benjamin/my_libs/EIGEN/builddir/CMakeFiles/CMakeTmp'
/usr/bin/cmake -E cmake_progress_report /home/benjamin/my_libs/EIGEN/builddir/CMakeFiles/CMakeTmp/CMakeFiles 1
Building CXX object CMakeFiles/cmTryCompileExec1595263558.dir/src.cxx.o
/usr/bin/c++    -fexceptions -pedantic -Wall -DCOMPILER_SUPPORT_Wextra -Werror   -Wextra -o CMakeFiles/cmTryCompileExec1595263558.dir/src.cxx.o -c /home/benjamin/my_libs/EIGEN/builddir/CMakeFiles/CMakeTmp/src.cxx
Linking CXX executable cmTryCompileExec1595263558
/usr/bin/cmake -E cmake_link_script CMakeFiles/cmTryCompileExec1595263558.dir/link.txt --verbose=1
/usr/bin/c++    -fexceptions -pedantic -Wall -DCOMPILER_SUPPORT_Wextra -Werror    CMakeFiles/cmTryCompileExec1595263558.dir/src.cxx.o  -o cmTryCompileExec1595263558 -rdynamic 
make[1]: Leaving directory `/home/benjamin/my_libs/EIGEN/builddir/CMakeFiles/CMakeTmp'

Source file was:
int main() { return 0;}
Performing C++ SOURCE FILE Test COMPILER_SUPPORT_Wundef succeded with the following output:
Change Dir: /home/benjamin/my_libs/EIGEN/builddir/CMakeFiles/CMakeTmp

Run Build Command:/usr/bin/make "cmTryCompileExec2713985502/fast"
/usr/bin/make -f CMakeFiles/cmTryCompileExec2713985502.dir/build.make CMakeFiles/cmTryCompileExec2713985502.dir/build
make[1]: Entering directory `/home/benjamin/my_libs/EIGEN/builddir/CMakeFiles/CMakeTmp'
/usr/bin/cmake -E cmake_progress_report /home/benjamin/my_libs/EIGEN/builddir/CMakeFiles/CMakeTmp/CMakeFiles 1
Building CXX object CMakeFiles/cmTryCompileExec2713985502.dir/src.cxx.o
/usr/bin/c++    -fexceptions -pedantic -Wall -Wextra -DCOMPILER_SUPPORT_Wundef -Werror   -Wundef -o CMakeFiles/cmTryCompileExec2713985502.dir/src.cxx.o -c /home/benjamin/my_libs/EIGEN/builddir/CMakeFiles/CMakeTmp/src.cxx
Linking CXX executable cmTryCompileExec2713985502
/usr/bin/cmake -E cmake_link_script CMakeFiles/cmTryCompileExec2713985502.dir/link.txt --verbose=1
/usr/bin/c++    -fexceptions -pedantic -Wall -Wextra -DCOMPILER_SUPPORT_Wundef -Werror    CMakeFiles/cmTryCompileExec2713985502.dir/src.cxx.o  -o cmTryCompileExec2713985502 -rdynamic 
make[1]: Leaving directory `/home/benjamin/my_libs/EIGEN/builddir/CMakeFiles/CMakeTmp'

Source file was:
int main() { return 0;}
Performing C++ SOURCE FILE Test COMPILER_SUPPORT_Wcastalign succeded with the following output:
Change Dir: /home/benjamin/my_libs/EIGEN/builddir/CMakeFiles/CMakeTmp

Run Build Command:/usr/bin/make "cmTryCompileExec2002227002/fast"
/usr/bin/make -f CMakeFiles/cmTryCompileExec2002227002.dir/build.make CMakeFiles/cmTryCompileExec2002227002.dir/build
make[1]: Entering directory `/home/benjamin/my_libs/EIGEN/builddir/CMakeFiles/CMakeTmp'
/usr/bin/cmake -E cmake_progress_report /home/benjamin/my_libs/EIGEN/builddir/CMakeFiles/CMakeTmp/CMakeFiles 1
Building CXX object CMakeFiles/cmTryCompileExec2002227002.dir/src.cxx.o
/usr/bin/c++    -fexceptions -pedantic -Wall -Wextra -Wundef -DCOMPILER_SUPPORT_Wcastalign -Werror   -Wcast-align -o CMakeFiles/cmTryCompileExec2002227002.dir/src.cxx.o -c /home/benjamin/my_libs/EIGEN/builddir/CMakeFiles/CMakeTmp/src.cxx
Linking CXX executable cmTryCompileExec2002227002
/usr/bin/cmake -E cmake_link_script CMakeFiles/cmTryCompileExec2002227002.dir/link.txt --verbose=1
/usr/bin/c++    -fexceptions -pedantic -Wall -Wextra -Wundef -DCOMPILER_SUPPORT_Wcastalign -Werror    CMakeFiles/cmTryCompileExec2002227002.dir/src.cxx.o  -o cmTryCompileExec2002227002 -rdynamic 
make[1]: Leaving directory `/home/benjamin/my_libs/EIGEN/builddir/CMakeFiles/CMakeTmp'

Source file was:
int main() { return 0;}
Performing C++ SOURCE FILE Test COMPILER_SUPPORT_Wcharsubscripts succeded with the following output:
Change Dir: /home/benjamin/my_libs/EIGEN/builddir/CMakeFiles/CMakeTmp

Run Build Command:/usr/bin/make "cmTryCompileExec2937341554/fast"
/usr/bin/make -f CMakeFiles/cmTryCompileExec2937341554.dir/build.make CMakeFiles/cmTryCompileExec2937341554.dir/build
make[1]: Entering directory `/home/benjamin/my_libs/EIGEN/builddir/CMakeFiles/CMakeTmp'
/usr/bin/cmake -E cmake_progress_report /home/benjamin/my_libs/EIGEN/builddir/CMakeFiles/CMakeTmp/CMakeFiles 1
Building CXX object CMakeFiles/cmTryCompileExec2937341554.dir/src.cxx.o
/usr/bin/c++    -fexceptions -pedantic -Wall -Wextra -Wundef -Wcast-align -DCOMPILER_SUPPORT_Wcharsubscripts -Werror   -Wchar-subscripts -o CMakeFiles/cmTryCompileExec2937341554.dir/src.cxx.o -c /home/benjamin/my_libs/EIGEN/builddir/CMakeFiles/CMakeTmp/src.cxx
Linking CXX executable cmTryCompileExec2937341554
/usr/bin/cmake -E cmake_link_script CMakeFiles/cmTryCompileExec2937341554.dir/link.txt --verbose=1
/usr/bin/c++    -fexceptions -pedantic -Wall -Wextra -Wundef -Wcast-align -DCOMPILER_SUPPORT_Wcharsubscripts -Werror    CMakeFiles/cmTryCompileExec2937341554.dir/src.cxx.o  -o cmTryCompileExec2937341554 -rdynamic 
make[1]: Leaving directory `/home/benjamin/my_libs/EIGEN/builddir/CMakeFiles/CMakeTmp'

Source file was:
int main() { return 0;}
Performing C++ SOURCE FILE Test COMPILER_SUPPORT_Wnonvirtualdtor succeded with the following output:
Change Dir: /home/benjamin/my_libs/EIGEN/builddir/CMakeFiles/CMakeTmp

Run Build Command:/usr/bin/make "cmTryCompileExec1401248291/fast"
/usr/bin/make -f CMakeFiles/cmTryCompileExec1401248291.dir/build.make CMakeFiles/cmTryCompileExec1401248291.dir/build
make[1]: Entering directory `/home/benjamin/my_libs/EIGEN/builddir/CMakeFiles/CMakeTmp'
/usr/bin/cmake -E cmake_progress_report /home/benjamin/my_libs/EIGEN/builddir/CMakeFiles/CMakeTmp/CMakeFiles 1
Building CXX object CMakeFiles/cmTryCompileExec1401248291.dir/src.cxx.o
/usr/bin/c++    -fexceptions -pedantic -Wall -Wextra -Wundef -Wcast-align -Wchar-subscripts -DCOMPILER_SUPPORT_Wnonvirtualdtor -Werror   -Wnon-virtual-dtor -o CMakeFiles/cmTryCompileExec1401248291.dir/src.cxx.o -c /home/benjamin/my_libs/EIGEN/builddir/CMakeFiles/CMakeTmp/src.cxx
Linking CXX executable cmTryCompileExec1401248291
/usr/bin/cmake -E cmake_link_script CMakeFiles/cmTryCompileExec1401248291.dir/link.txt --verbose=1
/usr/bin/c++    -fexceptions -pedantic -Wall -Wextra -Wundef -Wcast-align -Wchar-subscripts -DCOMPILER_SUPPORT_Wnonvirtualdtor -Werror    CMakeFiles/cmTryCompileExec1401248291.dir/src.cxx.o  -o cmTryCompileExec1401248291 -rdynamic 
make[1]: Leaving directory `/home/benjamin/my_libs/EIGEN/builddir/CMakeFiles/CMakeTmp'

Source file was:
int main() { return 0;}
Performing C++ SOURCE FILE Test COMPILER_SUPPORT_Wunusedlocaltypedefs succeded with the following output:
Change Dir: /home/benjamin/my_libs/EIGEN/builddir/CMakeFiles/CMakeTmp

Run Build Command:/usr/bin/make "cmTryCompileExec1331912293/fast"
/usr/bin/make -f CMakeFiles/cmTryCompileExec1331912293.dir/build.make CMakeFiles/cmTryCompileExec1331912293.dir/build
make[1]: Entering directory `/home/benjamin/my_libs/EIGEN/builddir/CMakeFiles/CMakeTmp'
/usr/bin/cmake -E cmake_progress_report /home/benjamin/my_libs/EIGEN/builddir/CMakeFiles/CMakeTmp/CMakeFiles 1
Building CXX object CMakeFiles/cmTryCompileExec1331912293.dir/src.cxx.o
/usr/bin/c++    -fexceptions -pedantic -Wall -Wextra -Wundef -Wcast-align -Wchar-subscripts -Wnon-virtual-dtor -DCOMPILER_SUPPORT_Wunusedlocaltypedefs -Werror   -Wunused-local-typedefs -o CMakeFiles/cmTryCompileExec1331912293.dir/src.cxx.o -c /home/benjamin/my_libs/EIGEN/builddir/CMakeFiles/CMakeTmp/src.cxx
Linking CXX executable cmTryCompileExec1331912293
/usr/bin/cmake -E cmake_link_script CMakeFiles/cmTryCompileExec1331912293.dir/link.txt --verbose=1
/usr/bin/c++    -fexceptions -pedantic -Wall -Wextra -Wundef -Wcast-align -Wchar-subscripts -Wnon-virtual-dtor -DCOMPILER_SUPPORT_Wunusedlocaltypedefs -Werror    CMakeFiles/cmTryCompileExec1331912293.dir/src.cxx.o  -o cmTryCompileExec1331912293 -rdynamic 
make[1]: Leaving directory `/home/benjamin/my_libs/EIGEN/builddir/CMakeFiles/CMakeTmp'

Source file was:
int main() { return 0;}
Performing C++ SOURCE FILE Test COMPILER_SUPPORT_Wpointerarith succeded with the following output:
Change Dir: /home/benjamin/my_libs/EIGEN/builddir/CMakeFiles/CMakeTmp

Run Build Command:/usr/bin/make "cmTryCompileExec3878909466/fast"
/usr/bin/make -f CMakeFiles/cmTryCompileExec3878909466.dir/build.make CMakeFiles/cmTryCompileExec3878909466.dir/build
make[1]: Entering directory `/home/benjamin/my_libs/EIGEN/builddir/CMakeFiles/CMakeTmp'
/usr/bin/cmake -E cmake_progress_report /home/benjamin/my_libs/EIGEN/builddir/CMakeFiles/CMakeTmp/CMakeFiles 1
Building CXX object CMakeFiles/cmTryCompileExec3878909466.dir/src.cxx.o
/usr/bin/c++    -fexceptions -pedantic -Wall -Wextra -Wundef -Wcast-align -Wchar-subscripts -Wnon-virtual-dtor -Wunused-local-typedefs -DCOMPILER_SUPPORT_Wpointerarith -Werror   -Wpointer-arith -o CMakeFiles/cmTryCompileExec3878909466.dir/src.cxx.o -c /home/benjamin/my_libs/EIGEN/builddir/CMakeFiles/CMakeTmp/src.cxx
Linking CXX executable cmTryCompileExec3878909466
/usr/bin/cmake -E cmake_link_script CMakeFiles/cmTryCompileExec3878909466.dir/link.txt --verbose=1
/usr/bin/c++    -fexceptions -pedantic -Wall -Wextra -Wundef -Wcast-align -Wchar-subscripts -Wnon-virtual-dtor -Wunused-local-typedefs -DCOMPILER_SUPPORT_Wpointerarith -Werror    CMakeFiles/cmTryCompileExec3878909466.dir/src.cxx.o  -o cmTryCompileExec3878909466 -rdynamic 
make[1]: Leaving directory `/home/benjamin/my_libs/EIGEN/builddir/CMakeFiles/CMakeTmp'

Source file was:
int main() { return 0;}
Performing C++ SOURCE FILE Test COMPILER_SUPPORT_Wwritestrings succeded with the following output:
Change Dir: /home/benjamin/my_libs/EIGEN/builddir/CMakeFiles/CMakeTmp

Run Build Command:/usr/bin/make "cmTryCompileExec1047181068/fast"
/usr/bin/make -f CMakeFiles/cmTryCompileExec1047181068.dir/build.make CMakeFiles/cmTryCompileExec1047181068.dir/build
make[1]: Entering directory `/home/benjamin/my_libs/EIGEN/builddir/CMakeFiles/CMakeTmp'
/usr/bin/cmake -E cmake_progress_report /home/benjamin/my_libs/EIGEN/builddir/CMakeFiles/CMakeTmp/CMakeFiles 1
Building CXX object CMakeFiles/cmTryCompileExec1047181068.dir/src.cxx.o
/usr/bin/c++    -fexceptions -pedantic -Wall -Wextra -Wundef -Wcast-align -Wchar-subscripts -Wnon-virtual-dtor -Wunused-local-typedefs -Wpointer-arith -DCOMPILER_SUPPORT_Wwritestrings -Werror   -Wwrite-strings -o CMakeFiles/cmTryCompileExec1047181068.dir/src.cxx.o -c /home/benjamin/my_libs/EIGEN/builddir/CMakeFiles/CMakeTmp/src.cxx
Linking CXX executable cmTryCompileExec1047181068
/usr/bin/cmake -E cmake_link_script CMakeFiles/cmTryCompileExec1047181068.dir/link.txt --verbose=1
/usr/bin/c++    -fexceptions -pedantic -Wall -Wextra -Wundef -Wcast-align -Wchar-subscripts -Wnon-virtual-dtor -Wunused-local-typedefs -Wpointer-arith -DCOMPILER_SUPPORT_Wwritestrings -Werror    CMakeFiles/cmTryCompileExec1047181068.dir/src.cxx.o  -o cmTryCompileExec1047181068 -rdynamic 
make[1]: Leaving directory `/home/benjamin/my_libs/EIGEN/builddir/CMakeFiles/CMakeTmp'

Source file was:
int main() { return 0;}
Performing C++ SOURCE FILE Test COMPILER_SUPPORT_Wformatsecurity succeded with the following output:
Change Dir: /home/benjamin/my_libs/EIGEN/builddir/CMakeFiles/CMakeTmp

Run Build Command:/usr/bin/make "cmTryCompileExec3328109913/fast"
/usr/bin/make -f CMakeFiles/cmTryCompileExec3328109913.dir/build.make CMakeFiles/cmTryCompileExec3328109913.dir/build
make[1]: Entering directory `/home/benjamin/my_libs/EIGEN/builddir/CMakeFiles/CMakeTmp'
/usr/bin/cmake -E cmake_progress_report /home/benjamin/my_libs/EIGEN/builddir/CMakeFiles/CMakeTmp/CMakeFiles 1
Building CXX object CMakeFiles/cmTryCompileExec3328109913.dir/src.cxx.o
/usr/bin/c++    -fexceptions -pedantic -Wall -Wextra -Wundef -Wcast-align -Wchar-subscripts -Wnon-virtual-dtor -Wunused-local-typedefs -Wpointer-arith -Wwrite-strings -DCOMPILER_SUPPORT_Wformatsecurity -Werror   -Wformat-security -o CMakeFiles/cmTryCompileExec3328109913.dir/src.cxx.o -c /home/benjamin/my_libs/EIGEN/builddir/CMakeFiles/CMakeTmp/src.cxx
Linking CXX executable cmTryCompileExec3328109913
/usr/bin/cmake -E cmake_link_script CMakeFiles/cmTryCompileExec3328109913.dir/link.txt --verbose=1
/usr/bin/c++    -fexceptions -pedantic -Wall -Wextra -Wundef -Wcast-align -Wchar-subscripts -Wnon-virtual-dtor -Wunused-local-typedefs -Wpointer-arith -Wwrite-strings -DCOMPILER_SUPPORT_Wformatsecurity -Werror    CMakeFiles/cmTryCompileExec3328109913.dir/src.cxx.o  -o cmTryCompileExec3328109913 -rdynamic 
make[1]: Leaving directory `/home/benjamin/my_libs/EIGEN/builddir/CMakeFiles/CMakeTmp'

Source file was:
int main() { return 0;}
Performing C++ SOURCE FILE Test COMPILER_SUPPORT_Wnopsabi succeded with the following output:
Change Dir: /home/benjamin/my_libs/EIGEN/builddir/CMakeFiles/CMakeTmp

Run Build Command:/usr/bin/make "cmTryCompileExec2170336763/fast"
/usr/bin/make -f CMakeFiles/cmTryCompileExec2170336763.dir/build.make CMakeFiles/cmTryCompileExec2170336763.dir/build
make[1]: Entering directory `/home/benjamin/my_libs/EIGEN/builddir/CMakeFiles/CMakeTmp'
/usr/bin/cmake -E cmake_progress_report /home/benjamin/my_libs/EIGEN/builddir/CMakeFiles/CMakeTmp/CMakeFiles 1
Building CXX object CMakeFiles/cmTryCompileExec2170336763.dir/src.cxx.o
/usr/bin/c++    -fexceptions -pedantic -Wall -Wextra -Wundef -Wcast-align -Wchar-subscripts -Wnon-virtual-dtor -Wunused-local-typedefs -Wpointer-arith -Wwrite-strings -Wformat-security -DCOMPILER_SUPPORT_Wnopsabi -Werror   -Wno-psabi -o CMakeFiles/cmTryCompileExec2170336763.dir/src.cxx.o -c /home/benjamin/my_libs/EIGEN/builddir/CMakeFiles/CMakeTmp/src.cxx
Linking CXX executable cmTryCompileExec2170336763
/usr/bin/cmake -E cmake_link_script CMakeFiles/cmTryCompileExec2170336763.dir/link.txt --verbose=1
/usr/bin/c++    -fexceptions -pedantic -Wall -Wextra -Wundef -Wcast-align -Wchar-subscripts -Wnon-virtual-dtor -Wunused-local-typedefs -Wpointer-arith -Wwrite-strings -Wformat-security -DCOMPILER_SUPPORT_Wnopsabi -Werror    CMakeFiles/cmTryCompileExec2170336763.dir/src.cxx.o  -o cmTryCompileExec2170336763 -rdynamic 
make[1]: Leaving directory `/home/benjamin/my_libs/EIGEN/builddir/CMakeFiles/CMakeTmp'

Source file was:
int main() { return 0;}
Performing C++ SOURCE FILE Test COMPILER_SUPPORT_Wnovariadicmacros succeded with the following output:
Change Dir: /home/benjamin/my_libs/EIGEN/builddir/CMakeFiles/CMakeTmp

Run Build Command:/usr/bin/make "cmTryCompileExec1108597078/fast"
/usr/bin/make -f CMakeFiles/cmTryCompileExec1108597078.dir/build.make CMakeFiles/cmTryCompileExec1108597078.dir/build
make[1]: Entering directory `/home/benjamin/my_libs/EIGEN/builddir/CMakeFiles/CMakeTmp'
/usr/bin/cmake -E cmake_progress_report /home/benjamin/my_libs/EIGEN/builddir/CMakeFiles/CMakeTmp/CMakeFiles 1
Building CXX object CMakeFiles/cmTryCompileExec1108597078.dir/src.cxx.o
/usr/bin/c++    -fexceptions -pedantic -Wall -Wextra -Wundef -Wcast-align -Wchar-subscripts -Wnon-virtual-dtor -Wunused-local-typedefs -Wpointer-arith -Wwrite-strings -Wformat-security -Wno-psabi -DCOMPILER_SUPPORT_Wnovariadicmacros -Werror   -Wno-variadic-macros -o CMakeFiles/cmTryCompileExec1108597078.dir/src.cxx.o -c /home/benjamin/my_libs/EIGEN/builddir/CMakeFiles/CMakeTmp/src.cxx
Linking CXX executable cmTryCompileExec1108597078
/usr/bin/cmake -E cmake_link_script CMakeFiles/cmTryCompileExec1108597078.dir/link.txt --verbose=1
/usr/bin/c++    -fexceptions -pedantic -Wall -Wextra -Wundef -Wcast-align -Wchar-subscripts -Wnon-virtual-dtor -Wunused-local-typedefs -Wpointer-arith -Wwrite-strings -Wformat-security -Wno-psabi -DCOMPILER_SUPPORT_Wnovariadicmacros -Werror    CMakeFiles/cmTryCompileExec1108597078.dir/src.cxx.o  -o cmTryCompileExec1108597078 -rdynamic 
make[1]: Leaving directory `/home/benjamin/my_libs/EIGEN/builddir/CMakeFiles/CMakeTmp'

Source file was:
int main() { return 0;}
Performing C++ SOURCE FILE Test COMPILER_SUPPORT_Wnolonglong succeded with the following output:
Change Dir: /home/benjamin/my_libs/EIGEN/builddir/CMakeFiles/CMakeTmp

Run Build Command:/usr/bin/make "cmTryCompileExec4128782149/fast"
/usr/bin/make -f CMakeFiles/cmTryCompileExec4128782149.dir/build.make CMakeFiles/cmTryCompileExec4128782149.dir/build
make[1]: Entering directory `/home/benjamin/my_libs/EIGEN/builddir/CMakeFiles/CMakeTmp'
/usr/bin/cmake -E cmake_progress_report /home/benjamin/my_libs/EIGEN/builddir/CMakeFiles/CMakeTmp/CMakeFiles 1
Building CXX object CMakeFiles/cmTryCompileExec4128782149.dir/src.cxx.o
/usr/bin/c++    -fexceptions -pedantic -Wall -Wextra -Wundef -Wcast-align -Wchar-subscripts -Wnon-virtual-dtor -Wunused-local-typedefs -Wpointer-arith -Wwrite-strings -Wformat-security -Wno-psabi -Wno-variadic-macros -DCOMPILER_SUPPORT_Wnolonglong -Werror   -Wno-long-long -o CMakeFiles/cmTryCompileExec4128782149.dir/src.cxx.o -c /home/benjamin/my_libs/EIGEN/builddir/CMakeFiles/CMakeTmp/src.cxx
Linking CXX executable cmTryCompileExec4128782149
/usr/bin/cmake -E cmake_link_script CMakeFiles/cmTryCompileExec4128782149.dir/link.txt --verbose=1
/usr/bin/c++    -fexceptions -pedantic -Wall -Wextra -Wundef -Wcast-align -Wchar-subscripts -Wnon-virtual-dtor -Wunused-local-typedefs -Wpointer-arith -Wwrite-strings -Wformat-security -Wno-psabi -Wno-variadic-macros -DCOMPILER_SUPPORT_Wnolonglong -Werror    CMakeFiles/cmTryCompileExec4128782149.dir/src.cxx.o  -o cmTryCompileExec4128782149 -rdynamic 
make[1]: Leaving directory `/home/benjamin/my_libs/EIGEN/builddir/CMakeFiles/CMakeTmp'

Source file was:
int main() { return 0;}
Performing C++ SOURCE FILE Test COMPILER_SUPPORT_fnochecknew succeded with the following output:
Change Dir: /home/benjamin/my_libs/EIGEN/builddir/CMakeFiles/CMakeTmp

Run Build Command:/usr/bin/make "cmTryCompileExec3046174983/fast"
/usr/bin/make -f CMakeFiles/cmTryCompileExec3046174983.dir/build.make CMakeFiles/cmTryCompileExec3046174983.dir/build
make[1]: Entering directory `/home/benjamin/my_libs/EIGEN/builddir/CMakeFiles/CMakeTmp'
/usr/bin/cmake -E cmake_progress_report /home/benjamin/my_libs/EIGEN/builddir/CMakeFiles/CMakeTmp/CMakeFiles 1
Building CXX object CMakeFiles/cmTryCompileExec3046174983.dir/src.cxx.o
/usr/bin/c++    -fexceptions -pedantic -Wall -Wextra -Wundef -Wcast-align -Wchar-subscripts -Wnon-virtual-dtor -Wunused-local-typedefs -Wpointer-arith -Wwrite-strings -Wformat-security -Wno-psabi -Wno-variadic-macros -Wno-long-long -DCOMPILER_SUPPORT_fnochecknew -Werror   -fno-check-new -o CMakeFiles/cmTryCompileExec3046174983.dir/src.cxx.o -c /home/benjamin/my_libs/EIGEN/builddir/CMakeFiles/CMakeTmp/src.cxx
Linking CXX executable cmTryCompileExec3046174983
/usr/bin/cmake -E cmake_link_script CMakeFiles/cmTryCompileExec3046174983.dir/link.txt --verbose=1
/usr/bin/c++    -fexceptions -pedantic -Wall -Wextra -Wundef -Wcast-align -Wchar-subscripts -Wnon-virtual-dtor -Wunused-local-typedefs -Wpointer-arith -Wwrite-strings -Wformat-security -Wno-psabi -Wno-variadic-macros -Wno-long-long -DCOMPILER_SUPPORT_fnochecknew -Werror    CMakeFiles/cmTryCompileExec3046174983.dir/src.cxx.o  -o cmTryCompileExec3046174983 -rdynamic 
make[1]: Leaving directory `/home/benjamin/my_libs/EIGEN/builddir/CMakeFiles/CMakeTmp'

Source file was:
int main() { return 0;}
Performing C++ SOURCE FILE Test COMPILER_SUPPORT_fnocommon succeded with the following output:
Change Dir: /home/benjamin/my_libs/EIGEN/builddir/CMakeFiles/CMakeTmp

Run Build Command:/usr/bin/make "cmTryCompileExec2171655897/fast"
/usr/bin/make -f CMakeFiles/cmTryCompileExec2171655897.dir/build.make CMakeFiles/cmTryCompileExec2171655897.dir/build
make[1]: Entering directory `/home/benjamin/my_libs/EIGEN/builddir/CMakeFiles/CMakeTmp'
/usr/bin/cmake -E cmake_progress_report /home/benjamin/my_libs/EIGEN/builddir/CMakeFiles/CMakeTmp/CMakeFiles 1
Building CXX object CMakeFiles/cmTryCompileExec2171655897.dir/src.cxx.o
/usr/bin/c++    -fexceptions -pedantic -Wall -Wextra -Wundef -Wcast-align -Wchar-subscripts -Wnon-virtual-dtor -Wunused-local-typedefs -Wpointer-arith -Wwrite-strings -Wformat-security -Wno-psabi -Wno-variadic-macros -Wno-long-long -fno-check-new -DCOMPILER_SUPPORT_fnocommon -Werror   -fno-common -o CMakeFiles/cmTryCompileExec2171655897.dir/src.cxx.o -c /home/benjamin/my_libs/EIGEN/builddir/CMakeFiles/CMakeTmp/src.cxx
Linking CXX executable cmTryCompileExec2171655897
/usr/bin/cmake -E cmake_link_script CMakeFiles/cmTryCompileExec2171655897.dir/link.txt --verbose=1
/usr/bin/c++    -fexceptions -pedantic -Wall -Wextra -Wundef -Wcast-align -Wchar-subscripts -Wnon-virtual-dtor -Wunused-local-typedefs -Wpointer-arith -Wwrite-strings -Wformat-security -Wno-psabi -Wno-variadic-macros -Wno-long-long -fno-check-new -DCOMPILER_SUPPORT_fnocommon -Werror    CMakeFiles/cmTryCompileExec2171655897.dir/src.cxx.o  -o cmTryCompileExec2171655897 -rdynamic 
make[1]: Leaving directory `/home/benjamin/my_libs/EIGEN/builddir/CMakeFiles/CMakeTmp'

Source file was:
int main() { return 0;}
Performing C++ SOURCE FILE Test COMPILER_SUPPORT_fstrictaliasing succeded with the following output:
Change Dir: /home/benjamin/my_libs/EIGEN/builddir/CMakeFiles/CMakeTmp

Run Build Command:/usr/bin/make "cmTryCompileExec601494331/fast"
/usr/bin/make -f CMakeFiles/cmTryCompileExec601494331.dir/build.make CMakeFiles/cmTryCompileExec601494331.dir/build
make[1]: Entering directory `/home/benjamin/my_libs/EIGEN/builddir/CMakeFiles/CMakeTmp'
/usr/bin/cmake -E cmake_progress_report /home/benjamin/my_libs/EIGEN/builddir/CMakeFiles/CMakeTmp/CMakeFiles 1
Building CXX object CMakeFiles/cmTryCompileExec601494331.dir/src.cxx.o
/usr/bin/c++    -fexceptions -pedantic -Wall -Wextra -Wundef -Wcast-align -Wchar-subscripts -Wnon-virtual-dtor -Wunused-local-typedefs -Wpointer-arith -Wwrite-strings -Wformat-security -Wno-psabi -Wno-variadic-macros -Wno-long-long -fno-check-new -fno-common -DCOMPILER_SUPPORT_fstrictaliasing -Werror   -fstrict-aliasing -o CMakeFiles/cmTryCompileExec601494331.dir/src.cxx.o -c /home/benjamin/my_libs/EIGEN/builddir/CMakeFiles/CMakeTmp/src.cxx
Linking CXX executable cmTryCompileExec601494331
/usr/bin/cmake -E cmake_link_script CMakeFiles/cmTryCompileExec601494331.dir/link.txt --verbose=1
/usr/bin/c++    -fexceptions -pedantic -Wall -Wextra -Wundef -Wcast-align -Wchar-subscripts -Wnon-virtual-dtor -Wunused-local-typedefs -Wpointer-arith -Wwrite-strings -Wformat-security -Wno-psabi -Wno-variadic-macros -Wno-long-long -fno-check-new -fno-common -DCOMPILER_SUPPORT_fstrictaliasing -Werror    CMakeFiles/cmTryCompileExec601494331.dir/src.cxx.o  -o cmTryCompileExec601494331 -rdynamic 
make[1]: Leaving directory `/home/benjamin/my_libs/EIGEN/builddir/CMakeFiles/CMakeTmp'

Source file was:
int main() { return 0;}
Performing C++ SOURCE FILE Test COMPILER_SUPPORT_ansi succeded with the following output:
Change Dir: /home/benjamin/my_libs/EIGEN/builddir/CMakeFiles/CMakeTmp

Run Build Command:/usr/bin/make "cmTryCompileExec100446057/fast"
/usr/bin/make -f CMakeFiles/cmTryCompileExec100446057.dir/build.make CMakeFiles/cmTryCompileExec100446057.dir/build
make[1]: Entering directory `/home/benjamin/my_libs/EIGEN/builddir/CMakeFiles/CMakeTmp'
/usr/bin/cmake -E cmake_progress_report /home/benjamin/my_libs/EIGEN/builddir/CMakeFiles/CMakeTmp/CMakeFiles 1
Building CXX object CMakeFiles/cmTryCompileExec100446057.dir/src.cxx.o
/usr/bin/c++    -fexceptions -pedantic -Wall -Wextra -Wundef -Wcast-align -Wchar-subscripts -Wnon-virtual-dtor -Wunused-local-typedefs -Wpointer-arith -Wwrite-strings -Wformat-security -Wno-psabi -Wno-variadic-macros -Wno-long-long -fno-check-new -fno-common -fstrict-aliasing -DCOMPILER_SUPPORT_ansi -Werror   -ansi -o CMakeFiles/cmTryCompileExec100446057.dir/src.cxx.o -c /home/benjamin/my_libs/EIGEN/builddir/CMakeFiles/CMakeTmp/src.cxx
Linking CXX executable cmTryCompileExec100446057
/usr/bin/cmake -E cmake_link_script CMakeFiles/cmTryCompileExec100446057.dir/link.txt --verbose=1
/usr/bin/c++    -fexceptions -pedantic -Wall -Wextra -Wundef -Wcast-align -Wchar-subscripts -Wnon-virtual-dtor -Wunused-local-typedefs -Wpointer-arith -Wwrite-strings -Wformat-security -Wno-psabi -Wno-variadic-macros -Wno-long-long -fno-check-new -fno-common -fstrict-aliasing -DCOMPILER_SUPPORT_ansi -Werror    CMakeFiles/cmTryCompileExec100446057.dir/src.cxx.o  -o cmTryCompileExec100446057 -rdynamic 
make[1]: Leaving directory `/home/benjamin/my_libs/EIGEN/builddir/CMakeFiles/CMakeTmp'

Source file was:
int main() { return 0;}
Performing C++ SOURCE FILE Test COMPILER_SUPPORT_OPENMP succeded with the following output:
Change Dir: /home/benjamin/my_libs/EIGEN/builddir/CMakeFiles/CMakeTmp

Run Build Command:/usr/bin/make "cmTryCompileExec396525665/fast"
/usr/bin/make -f CMakeFiles/cmTryCompileExec396525665.dir/build.make CMakeFiles/cmTryCompileExec396525665.dir/build
make[1]: Entering directory `/home/benjamin/my_libs/EIGEN/builddir/CMakeFiles/CMakeTmp'
/usr/bin/cmake -E cmake_progress_report /home/benjamin/my_libs/EIGEN/builddir/CMakeFiles/CMakeTmp/CMakeFiles 1
Building CXX object CMakeFiles/cmTryCompileExec396525665.dir/src.cxx.o
/usr/bin/c++    -fexceptions -pedantic -Wall -Wextra -Wundef -Wcast-align -Wchar-subscripts -Wnon-virtual-dtor -Wunused-local-typedefs -Wpointer-arith -Wwrite-strings -Wformat-security -Wno-psabi -Wno-variadic-macros -Wno-long-long -fno-check-new -fno-common -fstrict-aliasing -ansi -DCOMPILER_SUPPORT_OPENMP   -fopenmp -o CMakeFiles/cmTryCompileExec396525665.dir/src.cxx.o -c /home/benjamin/my_libs/EIGEN/builddir/CMakeFiles/CMakeTmp/src.cxx
Linking CXX executable cmTryCompileExec396525665
/usr/bin/cmake -E cmake_link_script CMakeFiles/cmTryCompileExec396525665.dir/link.txt --verbose=1
/usr/bin/c++    -fexceptions -pedantic -Wall -Wextra -Wundef -Wcast-align -Wchar-subscripts -Wnon-virtual-dtor -Wunused-local-typedefs -Wpointer-arith -Wwrite-strings -Wformat-security -Wno-psabi -Wno-variadic-macros -Wno-long-long -fno-check-new -fno-common -fstrict-aliasing -ansi -DCOMPILER_SUPPORT_OPENMP    CMakeFiles/cmTryCompileExec396525665.dir/src.cxx.o  -o cmTryCompileExec396525665 -rdynamic 
make[1]: Leaving directory `/home/benjamin/my_libs/EIGEN/builddir/CMakeFiles/CMakeTmp'

Source file was:
int main() { return 0;}
Compiling the Fortran compiler identification source file "CMakeFortranCompilerId.F" succeeded.
Compiler: /usr/bin/gfortran 
Build flags: 
Id flags: 

The output was:
0


Compilation of the Fortran compiler identification source "CMakeFortranCompilerId.F" produced "a.out"

The Fortran compiler identification is GNU, found in "/home/benjamin/my_libs/EIGEN/builddir/CMakeFiles/2.8.12.2/CompilerIdFortran/a.out"

Determining if the Fortran compiler works passed with the following output:
Change Dir: /home/benjamin/my_libs/EIGEN/builddir/CMakeFiles/CMakeTmp

Run Build Command:/usr/bin/make "cmTryCompileExec1930054511/fast"
/usr/bin/make -f CMakeFiles/cmTryCompileExec1930054511.dir/build.make CMakeFiles/cmTryCompileExec1930054511.dir/build
make[1]: Entering directory `/home/benjamin/my_libs/EIGEN/builddir/CMakeFiles/CMakeTmp'
/usr/bin/cmake -E cmake_progress_report /home/benjamin/my_libs/EIGEN/builddir/CMakeFiles/CMakeTmp/CMakeFiles 1
Building Fortran object CMakeFiles/cmTryCompileExec1930054511.dir/testFortranCompiler.f.o
/usr/bin/gfortran    -c /home/benjamin/my_libs/EIGEN/builddir/CMakeFiles/CMakeTmp/testFortranCompiler.f -o CMakeFiles/cmTryCompileExec1930054511.dir/testFortranCompiler.f.o
Linking Fortran executable cmTryCompileExec1930054511
/usr/bin/cmake -E cmake_link_script CMakeFiles/cmTryCompileExec1930054511.dir/link.txt --verbose=1
/usr/bin/gfortran       CMakeFiles/cmTryCompileExec1930054511.dir/testFortranCompiler.f.o  -o cmTryCompileExec1930054511 -rdynamic 
make[1]: Leaving directory `/home/benjamin/my_libs/EIGEN/builddir/CMakeFiles/CMakeTmp'


Detecting Fortran compiler ABI info compiled with the following output:
Change Dir: /home/benjamin/my_libs/EIGEN/builddir/CMakeFiles/CMakeTmp

Run Build Command:/usr/bin/make "cmTryCompileExec3756253357/fast"
/usr/bin/make -f CMakeFiles/cmTryCompileExec3756253357.dir/build.make CMakeFiles/cmTryCompileExec3756253357.dir/build
make[1]: Entering directory `/home/benjamin/my_libs/EIGEN/builddir/CMakeFiles/CMakeTmp'
/usr/bin/cmake -E cmake_progress_report /home/benjamin/my_libs/EIGEN/builddir/CMakeFiles/CMakeTmp/CMakeFiles 1
Building Fortran object CMakeFiles/cmTryCompileExec3756253357.dir/CMakeFortranCompilerABI.F.o
/usr/bin/gfortran    -c /usr/share/cmake-2.8/Modules/CMakeFortranCompilerABI.F -o CMakeFiles/cmTryCompileExec3756253357.dir/CMakeFortranCompilerABI.F.o
Linking Fortran executable cmTryCompileExec3756253357
/usr/bin/cmake -E cmake_link_script CMakeFiles/cmTryCompileExec3756253357.dir/link.txt --verbose=1
/usr/bin/gfortran   -v   CMakeFiles/cmTryCompileExec3756253357.dir/CMakeFortranCompilerABI.F.o  -o cmTryCompileExec3756253357 -rdynamic  
Driving: /usr/bin/gfortran -v CMakeFiles/cmTryCompileExec3756253357.dir/CMakeFortranCompilerABI.F.o -o cmTryCompileExec3756253357 -rdynamic -l gfortran -l m -shared-libgcc
Using built-in specs.
COLLECT_GCC=/usr/bin/gfortran
COLLECT_LTO_WRAPPER=/usr/lib/gcc/x86_64-linux-gnu/4.8/lto-wrapper
Target: x86_64-linux-gnu
Configured with: ../src/configure -v --with-pkgversion='Ubuntu 4.8.2-19ubuntu1' --with-bugurl=file:///usr/share/doc/gcc-4.8/README.Bugs --enable-languages=c,c++,java,go,d,fortran,objc,obj-c++ --prefix=/usr --program-suffix=-4.8 --enable-shared --enable-linker-build-id --libexecdir=/usr/lib --without-included-gettext --enable-threads=posix --with-gxx-include-dir=/usr/include/c++/4.8 --libdir=/usr/lib --enable-nls --with-sysroot=/ --enable-clocale=gnu --enable-libstdcxx-debug --enable-libstdcxx-time=yes --enable-gnu-unique-object --disable-libmudflap --enable-plugin --with-system-zlib --disable-browser-plugin --enable-java-awt=gtk --enable-gtk-cairo --with-java-home=/usr/lib/jvm/java-1.5.0-gcj-4.8-amd64/jre --enable-java-home --with-jvm-root-dir=/usr/lib/jvm/java-1.5.0-gcj-4.8-amd64 --with-jvm-jar-dir=/usr/lib/jvm-exports/java-1.5.0-gcj-4.8-amd64 --with-arch-directory=amd64 --with-ecj-jar=/usr/share/java/eclipse-ecj.jar --enable-objc-gc --enable-multiarch --disable-werror --with-arch-32=i686 --with-abi=m64 --with-multilib-list=m32,m64,mx32 --with-tune=generic --enable-checking=release --build=x86_64-linux-gnu --host=x86_64-linux-gnu --target=x86_64-linux-gnu
Thread model: posix
gcc version 4.8.2 (Ubuntu 4.8.2-19ubuntu1) 
Reading specs from /usr/lib/gcc/x86_64-linux-gnu/4.8/libgfortran.spec
rename spec lib to liborig
COLLECT_GCC_OPTIONS='-v' '-o' 'cmTryCompileExec3756253357' '-rdynamic' '-shared-libgcc' '-mtune=generic' '-march=x86-64'
COMPILER_PATH=/usr/lib/gcc/x86_64-linux-gnu/4.8/:/usr/lib/gcc/x86_64-linux-gnu/4.8/:/usr/lib/gcc/x86_64-linux-gnu/:/usr/lib/gcc/x86_64-linux-gnu/4.8/:/usr/lib/gcc/x86_64-linux-gnu/
LIBRARY_PATH=/usr/lib/gcc/x86_64-linux-gnu/4.8/:/usr/lib/gcc/x86_64-linux-gnu/4.8/../../../x86_64-linux-gnu/:/usr/lib/gcc/x86_64-linux-gnu/4.8/../../../../lib/:/lib/x86_64-linux-gnu/:/lib/../lib/:/usr/lib/x86_64-linux-gnu/:/usr/lib/../lib/:/usr/lib/gcc/x86_64-linux-gnu/4.8/../../../:/lib/:/usr/lib/
COLLECT_GCC_OPTIONS='-v' '-o' 'cmTryCompileExec3756253357' '-rdynamic' '-shared-libgcc' '-mtune=generic' '-march=x86-64'
 /usr/lib/gcc/x86_64-linux-gnu/4.8/collect2 --sysroot=/ --build-id --eh-frame-hdr -m elf_x86_64 --hash-style=gnu --as-needed -export-dynamic -dynamic-linker /lib64/ld-linux-x86-64.so.2 -z relro -o cmTryCompileExec3756253357 /usr/lib/gcc/x86_64-linux-gnu/4.8/../../../x86_64-linux-gnu/crt1.o /usr/lib/gcc/x86_64-linux-gnu/4.8/../../../x86_64-linux-gnu/crti.o /usr/lib/gcc/x86_64-linux-gnu/4.8/crtbegin.o -L/usr/lib/gcc/x86_64-linux-gnu/4.8 -L/usr/lib/gcc/x86_64-linux-gnu/4.8/../../../x86_64-linux-gnu -L/usr/lib/gcc/x86_64-linux-gnu/4.8/../../../../lib -L/lib/x86_64-linux-gnu -L/lib/../lib -L/usr/lib/x86_64-linux-gnu -L/usr/lib/../lib -L/usr/lib/gcc/x86_64-linux-gnu/4.8/../../.. CMakeFiles/cmTryCompileExec3756253357.dir/CMakeFortranCompilerABI.F.o -lgfortran -lm -lgcc_s -lgcc -lquadmath -lm -lgcc_s -lgcc -lc -lgcc_s -lgcc /usr/lib/gcc/x86_64-linux-gnu/4.8/crtend.o /usr/lib/gcc/x86_64-linux-gnu/4.8/../../../x86_64-linux-gnu/crtn.o
make[1]: Leaving directory `/home/benjamin/my_libs/EIGEN/builddir/CMakeFiles/CMakeTmp'


Parsed Fortran implicit link information from above output:
  link line regex: [^( *|.*[/\])(ld|([^/\]+-)?ld|collect2)[^/\]*( |$)]
  ignore line: [Change Dir: /home/benjamin/my_libs/EIGEN/builddir/CMakeFiles/CMakeTmp]
  ignore line: []
  ignore line: [Run Build Command:/usr/bin/make "cmTryCompileExec3756253357/fast"]
  ignore line: [/usr/bin/make -f CMakeFiles/cmTryCompileExec3756253357.dir/build.make CMakeFiles/cmTryCompileExec3756253357.dir/build]
  ignore line: [make[1]: Entering directory `/home/benjamin/my_libs/EIGEN/builddir/CMakeFiles/CMakeTmp']
  ignore line: [/usr/bin/cmake -E cmake_progress_report /home/benjamin/my_libs/EIGEN/builddir/CMakeFiles/CMakeTmp/CMakeFiles 1]
  ignore line: [Building Fortran object CMakeFiles/cmTryCompileExec3756253357.dir/CMakeFortranCompilerABI.F.o]
  ignore line: [/usr/bin/gfortran    -c /usr/share/cmake-2.8/Modules/CMakeFortranCompilerABI.F -o CMakeFiles/cmTryCompileExec3756253357.dir/CMakeFortranCompilerABI.F.o]
  ignore line: [Linking Fortran executable cmTryCompileExec3756253357]
  ignore line: [/usr/bin/cmake -E cmake_link_script CMakeFiles/cmTryCompileExec3756253357.dir/link.txt --verbose=1]
  ignore line: [/usr/bin/gfortran   -v   CMakeFiles/cmTryCompileExec3756253357.dir/CMakeFortranCompilerABI.F.o  -o cmTryCompileExec3756253357 -rdynamic  ]
  ignore line: [Driving: /usr/bin/gfortran -v CMakeFiles/cmTryCompileExec3756253357.dir/CMakeFortranCompilerABI.F.o -o cmTryCompileExec3756253357 -rdynamic -l gfortran -l m -shared-libgcc]
  ignore line: [Using built-in specs.]
  ignore line: [COLLECT_GCC=/usr/bin/gfortran]
  ignore line: [COLLECT_LTO_WRAPPER=/usr/lib/gcc/x86_64-linux-gnu/4.8/lto-wrapper]
  ignore line: [Target: x86_64-linux-gnu]
  ignore line: [Configured with: ../src/configure -v --with-pkgversion='Ubuntu 4.8.2-19ubuntu1' --with-bugurl=file:///usr/share/doc/gcc-4.8/README.Bugs --enable-languages=c,c++,java,go,d,fortran,objc,obj-c++ --prefix=/usr --program-suffix=-4.8 --enable-shared --enable-linker-build-id --libexecdir=/usr/lib --without-included-gettext --enable-threads=posix --with-gxx-include-dir=/usr/include/c++/4.8 --libdir=/usr/lib --enable-nls --with-sysroot=/ --enable-clocale=gnu --enable-libstdcxx-debug --enable-libstdcxx-time=yes --enable-gnu-unique-object --disable-libmudflap --enable-plugin --with-system-zlib --disable-browser-plugin --enable-java-awt=gtk --enable-gtk-cairo --with-java-home=/usr/lib/jvm/java-1.5.0-gcj-4.8-amd64/jre --enable-java-home --with-jvm-root-dir=/usr/lib/jvm/java-1.5.0-gcj-4.8-amd64 --with-jvm-jar-dir=/usr/lib/jvm-exports/java-1.5.0-gcj-4.8-amd64 --with-arch-directory=amd64 --with-ecj-jar=/usr/share/java/eclipse-ecj.jar --enable-objc-gc --enable-multiarch --disable-werror --with-arch-32=i686 --with-abi=m64 --with-multilib-list=m32,m64,mx32 --with-tune=generic --enable-checking=release --build=x86_64-linux-gnu --host=x86_64-linux-gnu --target=x86_64-linux-gnu]
  ignore line: [Thread model: posix]
  ignore line: [gcc version 4.8.2 (Ubuntu 4.8.2-19ubuntu1) ]
  ignore line: [Reading specs from /usr/lib/gcc/x86_64-linux-gnu/4.8/libgfortran.spec]
  ignore line: [rename spec lib to liborig]
  ignore line: [COLLECT_GCC_OPTIONS='-v' '-o' 'cmTryCompileExec3756253357' '-rdynamic' '-shared-libgcc' '-mtune=generic' '-march=x86-64']
  ignore line: [COMPILER_PATH=/usr/lib/gcc/x86_64-linux-gnu/4.8/:/usr/lib/gcc/x86_64-linux-gnu/4.8/:/usr/lib/gcc/x86_64-linux-gnu/:/usr/lib/gcc/x86_64-linux-gnu/4.8/:/usr/lib/gcc/x86_64-linux-gnu/]
  ignore line: [LIBRARY_PATH=/usr/lib/gcc/x86_64-linux-gnu/4.8/:/usr/lib/gcc/x86_64-linux-gnu/4.8/../../../x86_64-linux-gnu/:/usr/lib/gcc/x86_64-linux-gnu/4.8/../../../../lib/:/lib/x86_64-linux-gnu/:/lib/../lib/:/usr/lib/x86_64-linux-gnu/:/usr/lib/../lib/:/usr/lib/gcc/x86_64-linux-gnu/4.8/../../../:/lib/:/usr/lib/]
  ignore line: [COLLECT_GCC_OPTIONS='-v' '-o' 'cmTryCompileExec3756253357' '-rdynamic' '-shared-libgcc' '-mtune=generic' '-march=x86-64']
  link line: [ /usr/lib/gcc/x86_64-linux-gnu/4.8/collect2 --sysroot=/ --build-id --eh-frame-hdr -m elf_x86_64 --hash-style=gnu --as-needed -export-dynamic -dynamic-linker /lib64/ld-linux-x86-64.so.2 -z relro -o cmTryCompileExec3756253357 /usr/lib/gcc/x86_64-linux-gnu/4.8/../../../x86_64-linux-gnu/crt1.o /usr/lib/gcc/x86_64-linux-gnu/4.8/../../../x86_64-linux-gnu/crti.o /usr/lib/gcc/x86_64-linux-gnu/4.8/crtbegin.o -L/usr/lib/gcc/x86_64-linux-gnu/4.8 -L/usr/lib/gcc/x86_64-linux-gnu/4.8/../../../x86_64-linux-gnu -L/usr/lib/gcc/x86_64-linux-gnu/4.8/../../../../lib -L/lib/x86_64-linux-gnu -L/lib/../lib -L/usr/lib/x86_64-linux-gnu -L/usr/lib/../lib -L/usr/lib/gcc/x86_64-linux-gnu/4.8/../../.. CMakeFiles/cmTryCompileExec3756253357.dir/CMakeFortranCompilerABI.F.o -lgfortran -lm -lgcc_s -lgcc -lquadmath -lm -lgcc_s -lgcc -lc -lgcc_s -lgcc /usr/lib/gcc/x86_64-linux-gnu/4.8/crtend.o /usr/lib/gcc/x86_64-linux-gnu/4.8/../../../x86_64-linux-gnu/crtn.o]
    arg [/usr/lib/gcc/x86_64-linux-gnu/4.8/collect2] ==> ignore
    arg [--sysroot=/] ==> ignore
    arg [--build-id] ==> ignore
    arg [--eh-frame-hdr] ==> ignore
    arg [-m] ==> ignore
    arg [elf_x86_64] ==> ignore
    arg [--hash-style=gnu] ==> ignore
    arg [--as-needed] ==> ignore
    arg [-export-dynamic] ==> ignore
    arg [-dynamic-linker] ==> ignore
    arg [/lib64/ld-linux-x86-64.so.2] ==> ignore
    arg [-zrelro] ==> ignore
    arg [-o] ==> ignore
    arg [cmTryCompileExec3756253357] ==> ignore
    arg [/usr/lib/gcc/x86_64-linux-gnu/4.8/../../../x86_64-linux-gnu/crt1.o] ==> ignore
    arg [/usr/lib/gcc/x86_64-linux-gnu/4.8/../../../x86_64-linux-gnu/crti.o] ==> ignore
    arg [/usr/lib/gcc/x86_64-linux-gnu/4.8/crtbegin.o] ==> ignore
    arg [-L/usr/lib/gcc/x86_64-linux-gnu/4.8] ==> dir [/usr/lib/gcc/x86_64-linux-gnu/4.8]
    arg [-L/usr/lib/gcc/x86_64-linux-gnu/4.8/../../../x86_64-linux-gnu] ==> dir [/usr/lib/gcc/x86_64-linux-gnu/4.8/../../../x86_64-linux-gnu]
    arg [-L/usr/lib/gcc/x86_64-linux-gnu/4.8/../../../../lib] ==> dir [/usr/lib/gcc/x86_64-linux-gnu/4.8/../../../../lib]
    arg [-L/lib/x86_64-linux-gnu] ==> dir [/lib/x86_64-linux-gnu]
    arg [-L/lib/../lib] ==> dir [/lib/../lib]
    arg [-L/usr/lib/x86_64-linux-gnu] ==> dir [/usr/lib/x86_64-linux-gnu]
    arg [-L/usr/lib/../lib] ==> dir [/usr/lib/../lib]
    arg [-L/usr/lib/gcc/x86_64-linux-gnu/4.8/../../..] ==> dir [/usr/lib/gcc/x86_64-linux-gnu/4.8/../../..]
    arg [CMakeFiles/cmTryCompileExec3756253357.dir/CMakeFortranCompilerABI.F.o] ==> ignore
    arg [-lgfortran] ==> lib [gfortran]
    arg [-lm] ==> lib [m]
    arg [-lgcc_s] ==> lib [gcc_s]
    arg [-lgcc] ==> lib [gcc]
    arg [-lquadmath] ==> lib [quadmath]
    arg [-lm] ==> lib [m]
    arg [-lgcc_s] ==> lib [gcc_s]
    arg [-lgcc] ==> lib [gcc]
    arg [-lc] ==> lib [c]
    arg [-lgcc_s] ==> lib [gcc_s]
    arg [-lgcc] ==> lib [gcc]
    arg [/usr/lib/gcc/x86_64-linux-gnu/4.8/crtend.o] ==> ignore
    arg [/usr/lib/gcc/x86_64-linux-gnu/4.8/../../../x86_64-linux-gnu/crtn.o] ==> ignore
  remove lib [gcc_s]
  remove lib [gcc]
  remove lib [gcc_s]
  remove lib [gcc]
  remove lib [gcc_s]
  remove lib [gcc]
  collapse library dir [/usr/lib/gcc/x86_64-linux-gnu/4.8] ==> [/usr/lib/gcc/x86_64-linux-gnu/4.8]
  collapse library dir [/usr/lib/gcc/x86_64-linux-gnu/4.8/../../../x86_64-linux-gnu] ==> [/usr/lib/x86_64-linux-gnu]
  collapse library dir [/usr/lib/gcc/x86_64-linux-gnu/4.8/../../../../lib] ==> [/usr/lib]
  collapse library dir [/lib/x86_64-linux-gnu] ==> [/lib/x86_64-linux-gnu]
  collapse library dir [/lib/../lib] ==> [/lib]
  collapse library dir [/usr/lib/x86_64-linux-gnu] ==> [/usr/lib/x86_64-linux-gnu]
  collapse library dir [/usr/lib/../lib] ==> [/usr/lib]
  collapse library dir [/usr/lib/gcc/x86_64-linux-gnu/4.8/../../..] ==> [/usr/lib]
  implicit libs: [gfortran;m;quadmath;m;c]
  implicit dirs: [/usr/lib/gcc/x86_64-linux-gnu/4.8;/usr/lib/x86_64-linux-gnu;/usr/lib;/lib/x86_64-linux-gnu;/lib]
  implicit fwks: []


Determining if the Fortran compiler supports Fortran 90 passed with the following output:
Change Dir: /home/benjamin/my_libs/EIGEN/builddir/CMakeFiles/CMakeTmp

Run Build Command:/usr/bin/make "cmTryCompileExec2388924956/fast"
/usr/bin/make -f CMakeFiles/cmTryCompileExec2388924956.dir/build.make CMakeFiles/cmTryCompileExec2388924956.dir/build
make[1]: Entering directory `/home/benjamin/my_libs/EIGEN/builddir/CMakeFiles/CMakeTmp'
/usr/bin/cmake -E cmake_progress_report /home/benjamin/my_libs/EIGEN/builddir/CMakeFiles/CMakeTmp/CMakeFiles 1
Building Fortran object CMakeFiles/cmTryCompileExec2388924956.dir/testFortranCompilerF90.f90.o
/usr/bin/gfortran    -c /home/benjamin/my_libs/EIGEN/builddir/CMakeFiles/CMakeTmp/testFortranCompilerF90.f90 -o CMakeFiles/cmTryCompileExec2388924956.dir/testFortranCompilerF90.f90.o
Linking Fortran executable cmTryCompileExec2388924956
/usr/bin/cmake -E cmake_link_script CMakeFiles/cmTryCompileExec2388924956.dir/link.txt --verbose=1
/usr/bin/gfortran       CMakeFiles/cmTryCompileExec2388924956.dir/testFortranCompilerF90.f90.o  -o cmTryCompileExec2388924956 -rdynamic 
make[1]: Leaving directory `/home/benjamin/my_libs/EIGEN/builddir/CMakeFiles/CMakeTmp'


Determining if the function XOpenDisplay exists in the /usr/lib/x86_64-linux-gnu/libX11.so;/usr/lib/x86_64-linux-gnu/libXext.so passed with the following output:
Change Dir: /home/benjamin/my_libs/EIGEN/builddir/CMakeFiles/CMakeTmp

Run Build Command:/usr/bin/make "cmTryCompileExec3849414403/fast"
/usr/bin/make -f CMakeFiles/cmTryCompileExec3849414403.dir/build.make CMakeFiles/cmTryCompileExec3849414403.dir/build
make[1]: Entering directory `/home/benjamin/my_libs/EIGEN/builddir/CMakeFiles/CMakeTmp'
/usr/bin/cmake -E cmake_progress_report /home/benjamin/my_libs/EIGEN/builddir/CMakeFiles/CMakeTmp/CMakeFiles 1
Building C object CMakeFiles/cmTryCompileExec3849414403.dir/CheckFunctionExists.c.o
/usr/bin/cc   -DCHECK_FUNCTION_EXISTS=XOpenDisplay   -o CMakeFiles/cmTryCompileExec3849414403.dir/CheckFunctionExists.c.o   -c /usr/share/cmake-2.8/Modules/CheckFunctionExists.c
Linking C executable cmTryCompileExec3849414403
/usr/bin/cmake -E cmake_link_script CMakeFiles/cmTryCompileExec3849414403.dir/link.txt --verbose=1
/usr/bin/cc   -DCHECK_FUNCTION_EXISTS=XOpenDisplay    CMakeFiles/cmTryCompileExec3849414403.dir/CheckFunctionExists.c.o  -o cmTryCompileExec3849414403 -rdynamic -lX11 -lXext 
make[1]: Leaving directory `/home/benjamin/my_libs/EIGEN/builddir/CMakeFiles/CMakeTmp'


Determining if the function gethostbyname exists passed with the following output:
Change Dir: /home/benjamin/my_libs/EIGEN/builddir/CMakeFiles/CMakeTmp

Run Build Command:/usr/bin/make "cmTryCompileExec3349729447/fast"
/usr/bin/make -f CMakeFiles/cmTryCompileExec3349729447.dir/build.make CMakeFiles/cmTryCompileExec3349729447.dir/build
make[1]: Entering directory `/home/benjamin/my_libs/EIGEN/builddir/CMakeFiles/CMakeTmp'
/usr/bin/cmake -E cmake_progress_report /home/benjamin/my_libs/EIGEN/builddir/CMakeFiles/CMakeTmp/CMakeFiles 1
Building C object CMakeFiles/cmTryCompileExec3349729447.dir/CheckFunctionExists.c.o
/usr/bin/cc   -DCHECK_FUNCTION_EXISTS=gethostbyname   -o CMakeFiles/cmTryCompileExec3349729447.dir/CheckFunctionExists.c.o   -c /usr/share/cmake-2.8/Modules/CheckFunctionExists.c
Linking C executable cmTryCompileExec3349729447
/usr/bin/cmake -E cmake_link_script CMakeFiles/cmTryCompileExec3349729447.dir/link.txt --verbose=1
/usr/bin/cc   -DCHECK_FUNCTION_EXISTS=gethostbyname    CMakeFiles/cmTryCompileExec3349729447.dir/CheckFunctionExists.c.o  -o cmTryCompileExec3349729447 -rdynamic 
make[1]: Leaving directory `/home/benjamin/my_libs/EIGEN/builddir/CMakeFiles/CMakeTmp'


Determining if the function connect exists passed with the following output:
Change Dir: /home/benjamin/my_libs/EIGEN/builddir/CMakeFiles/CMakeTmp

Run Build Command:/usr/bin/make "cmTryCompileExec4027277185/fast"
/usr/bin/make -f CMakeFiles/cmTryCompileExec4027277185.dir/build.make CMakeFiles/cmTryCompileExec4027277185.dir/build
make[1]: Entering directory `/home/benjamin/my_libs/EIGEN/builddir/CMakeFiles/CMakeTmp'
/usr/bin/cmake -E cmake_progress_report /home/benjamin/my_libs/EIGEN/builddir/CMakeFiles/CMakeTmp/CMakeFiles 1
Building C object CMakeFiles/cmTryCompileExec4027277185.dir/CheckFunctionExists.c.o
/usr/bin/cc   -DCHECK_FUNCTION_EXISTS=connect   -o CMakeFiles/cmTryCompileExec4027277185.dir/CheckFunctionExists.c.o   -c /usr/share/cmake-2.8/Modules/CheckFunctionExists.c
Linking C executable cmTryCompileExec4027277185
/usr/bin/cmake -E cmake_link_script CMakeFiles/cmTryCompileExec4027277185.dir/link.txt --verbose=1
/usr/bin/cc   -DCHECK_FUNCTION_EXISTS=connect    CMakeFiles/cmTryCompileExec4027277185.dir/CheckFunctionExists.c.o  -o cmTryCompileExec4027277185 -rdynamic 
make[1]: Leaving directory `/home/benjamin/my_libs/EIGEN/builddir/CMakeFiles/CMakeTmp'


Determining if the function remove exists passed with the following output:
Change Dir: /home/benjamin/my_libs/EIGEN/builddir/CMakeFiles/CMakeTmp

Run Build Command:/usr/bin/make "cmTryCompileExec2029821806/fast"
/usr/bin/make -f CMakeFiles/cmTryCompileExec2029821806.dir/build.make CMakeFiles/cmTryCompileExec2029821806.dir/build
make[1]: Entering directory `/home/benjamin/my_libs/EIGEN/builddir/CMakeFiles/CMakeTmp'
/usr/bin/cmake -E cmake_progress_report /home/benjamin/my_libs/EIGEN/builddir/CMakeFiles/CMakeTmp/CMakeFiles 1
Building C object CMakeFiles/cmTryCompileExec2029821806.dir/CheckFunctionExists.c.o
/usr/bin/cc   -DCHECK_FUNCTION_EXISTS=remove   -o CMakeFiles/cmTryCompileExec2029821806.dir/CheckFunctionExists.c.o   -c /usr/share/cmake-2.8/Modules/CheckFunctionExists.c
Linking C executable cmTryCompileExec2029821806
/usr/bin/cmake -E cmake_link_script CMakeFiles/cmTryCompileExec2029821806.dir/link.txt --verbose=1
/usr/bin/cc   -DCHECK_FUNCTION_EXISTS=remove    CMakeFiles/cmTryCompileExec2029821806.dir/CheckFunctionExists.c.o  -o cmTryCompileExec2029821806 -rdynamic 
make[1]: Leaving directory `/home/benjamin/my_libs/EIGEN/builddir/CMakeFiles/CMakeTmp'


Determining if the function shmat exists passed with the following output:
Change Dir: /home/benjamin/my_libs/EIGEN/builddir/CMakeFiles/CMakeTmp

Run Build Command:/usr/bin/make "cmTryCompileExec3477648787/fast"
/usr/bin/make -f CMakeFiles/cmTryCompileExec3477648787.dir/build.make CMakeFiles/cmTryCompileExec3477648787.dir/build
make[1]: Entering directory `/home/benjamin/my_libs/EIGEN/builddir/CMakeFiles/CMakeTmp'
/usr/bin/cmake -E cmake_progress_report /home/benjamin/my_libs/EIGEN/builddir/CMakeFiles/CMakeTmp/CMakeFiles 1
Building C object CMakeFiles/cmTryCompileExec3477648787.dir/CheckFunctionExists.c.o
/usr/bin/cc   -DCHECK_FUNCTION_EXISTS=shmat   -o CMakeFiles/cmTryCompileExec3477648787.dir/CheckFunctionExists.c.o   -c /usr/share/cmake-2.8/Modules/CheckFunctionExists.c
Linking C executable cmTryCompileExec3477648787
/usr/bin/cmake -E cmake_link_script CMakeFiles/cmTryCompileExec3477648787.dir/link.txt --verbose=1
/usr/bin/cc   -DCHECK_FUNCTION_EXISTS=shmat    CMakeFiles/cmTryCompileExec3477648787.dir/CheckFunctionExists.c.o  -o cmTryCompileExec3477648787 -rdynamic 
make[1]: Leaving directory `/home/benjamin/my_libs/EIGEN/builddir/CMakeFiles/CMakeTmp'


Determining if the function IceConnectionNumber exists in the ICE passed with the following output:
Change Dir: /home/benjamin/my_libs/EIGEN/builddir/CMakeFiles/CMakeTmp

Run Build Command:/usr/bin/make "cmTryCompileExec3111876296/fast"
/usr/bin/make -f CMakeFiles/cmTryCompileExec3111876296.dir/build.make CMakeFiles/cmTryCompileExec3111876296.dir/build
make[1]: Entering directory `/home/benjamin/my_libs/EIGEN/builddir/CMakeFiles/CMakeTmp'
/usr/bin/cmake -E cmake_progress_report /home/benjamin/my_libs/EIGEN/builddir/CMakeFiles/CMakeTmp/CMakeFiles 1
Building C object CMakeFiles/cmTryCompileExec3111876296.dir/CheckFunctionExists.c.o
/usr/bin/cc   -DCHECK_FUNCTION_EXISTS=IceConnectionNumber   -o CMakeFiles/cmTryCompileExec3111876296.dir/CheckFunctionExists.c.o   -c /usr/share/cmake-2.8/Modules/CheckFunctionExists.c
Linking C executable cmTryCompileExec3111876296
/usr/bin/cmake -E cmake_link_script CMakeFiles/cmTryCompileExec3111876296.dir/link.txt --verbose=1
/usr/bin/cc   -DCHECK_FUNCTION_EXISTS=IceConnectionNumber    CMakeFiles/cmTryCompileExec3111876296.dir/CheckFunctionExists.c.o  -o cmTryCompileExec3111876296 -rdynamic -lICE 
make[1]: Leaving directory `/home/benjamin/my_libs/EIGEN/builddir/CMakeFiles/CMakeTmp'


